Using pre-set license
Built from '2020.2/china_unity/release' branch; Version is '2020.2.1f1c1 (252d8215dd99) revision 2436482'; Using compiler version '192528614'; Build Type 'Release'
OS: 'Windows 10  (10.0.0) 64bit' Language: 'zh' Physical Memory: 16338 MB
BatchMode: 1, IsHumanControllingUs: 0, StartBugReporterOnCrash: 0, Is64bit: 1, IsPro: 0

 COMMAND LINE ARGUMENTS:
E:\Program Files\Unity\2020.2.1f1c1\Editor\Unity.exe
-adb2
-batchMode
-noUpm
-name
AssetImportWorker0
-projectPath
E:/FF/TEST/NonStopNight/NonstopNight
-logFile
Logs/AssetImportWorker0.log
-srvPort
52206
Successfully changed project path to: E:/FF/TEST/NonStopNight/NonstopNight
E:/FF/TEST/NonStopNight/NonstopNight
Using Asset Import Pipeline V2.
Refreshing native plugins compatible for Editor in 23.06 ms, found 0 plugins.
Preloading 0 native plugins for Editor in 0.00 ms.
Initialize engine version: 2020.2.1f1c1 (252d8215dd99)
[Subsystems] Discovering subsystems at path E:/Program Files/Unity/2020.2.1f1c1/Editor/Data/Resources/UnitySubsystems
[Subsystems] Discovering subsystems at path E:/FF/TEST/NonStopNight/NonstopNight/Assets
GfxDevice: creating device client; threaded=0
Direct3D:
    Version:  Direct3D 11.0 [level 11.1]
    Renderer: NVIDIA GeForce GTX 1060 6GB (ID=0x1c03)
    Vendor:   
    VRAM:     6052 MB
    Driver:   27.21.14.5671
Initialize mono
Mono path[0] = 'E:/Program Files/Unity/2020.2.1f1c1/Editor/Data/Managed'
Mono path[1] = 'E:/Program Files/Unity/2020.2.1f1c1/Editor/Data/MonoBleedingEdge/lib/mono/unityjit'
Mono config path = 'E:/Program Files/Unity/2020.2.1f1c1/Editor/Data/MonoBleedingEdge/etc'
Using monoOptions --debugger-agent=transport=dt_socket,embedding=1,server=y,suspend=n,address=127.0.0.1:56796
Begin MonoManager ReloadAssembly
Registering precompiled unity dll's ...
Register platform support module: E:/Program Files/Unity/2020.2.1f1c1/Editor/Data/PlaybackEngines/WindowsStandaloneSupport/UnityEditor.WindowsStandalone.Extensions.dll
Registered in 0.000734 seconds.
Native extension for WindowsStandalone target not found
Refreshing native plugins compatible for Editor in 28.21 ms, found 0 plugins.
Preloading 0 native plugins for Editor in 0.00 ms.
Invoked RoslynAnalysisRunner static constructor.
RoslynAnalysisRunner will not be running.
RoslynAnalysisRunner has terminated.
Mono: successfully reloaded assembly
- Completed reload, in  0.745 seconds
Platform modules already initialized, skipping
Registering precompiled user dll's ...
Registered in 0.000540 seconds.
Begin MonoManager ReloadAssembly
Native extension for WindowsStandalone target not found
Refreshing native plugins compatible for Editor in 0.40 ms, found 0 plugins.
Preloading 0 native plugins for Editor in 0.00 ms.
Invoked RoslynAnalysisRunner static constructor.
RoslynAnalysisRunner will not be running.
RoslynAnalysisRunner has terminated.
Mono: successfully reloaded assembly
- Completed reload, in  0.718 seconds
Platform modules already initialized, skipping
========================================================================
Worker process is ready to serve import requests
Launched and connected shader compiler UnityShaderCompiler.exe after 0.06 seconds
Refreshing native plugins compatible for Editor in 0.38 ms, found 0 plugins.
Preloading 0 native plugins for Editor in 0.00 ms.
Unloading 1175 Unused Serialized files (Serialized files now loaded: 0)
System memory in use before: 65.7 MB.
System memory in use after: 65.8 MB.

Unloading 9 unused Assets to reduce memory usage. Loaded Objects now: 1628.
Total: 2.463694 ms (FindLiveObjects: 0.322804 ms CreateObjectMapping: 0.135070 ms MarkObjects: 1.921950 ms  DeleteObjects: 0.082651 ms)

========================================================================
Received Import Request.
  path: Assets/ModularRPGHeroesPBR/TPController/Scene/TPControl_SingleTwoHands.unity
  artifactKey: Guid(59046e8cf47b1ed4f9c87ef605ab9209) Importer(815301076,1909f56bfc062723c751e8b465ee728b)
Start importing Assets/ModularRPGHeroesPBR/TPController/Scene/TPControl_SingleTwoHands.unity using Guid(59046e8cf47b1ed4f9c87ef605ab9209) Importer(815301076,1909f56bfc062723c751e8b465ee728b)  -> (artifact id: '23e2d1f03d9fafa8f6aa09354b8ad012') in 0.010863 seconds
  Import took 0.012597 seconds .

========================================================================
Received Prepare
Refreshing native plugins compatible for Editor in 0.86 ms, found 0 plugins.
Preloading 0 native plugins for Editor in 0.00 ms.
Unloading 3 Unused Serialized files (Serialized files now loaded: 0)
System memory in use before: 39.4 MB.
System memory in use after: 39.4 MB.

Unloading 3 unused Assets to reduce memory usage. Loaded Objects now: 1628.
Total: 2.175999 ms (FindLiveObjects: 0.187002 ms CreateObjectMapping: 0.054370 ms MarkObjects: 1.877576 ms  DeleteObjects: 0.055101 ms)

========================================================================
Received Prepare
Registering precompiled user dll's ...
Registered in 0.000525 seconds.
Begin MonoManager ReloadAssembly
Native extension for WindowsStandalone target not found
Refreshing native plugins compatible for Editor in 0.33 ms, found 0 plugins.
Preloading 0 native plugins for Editor in 0.00 ms.
Invoked RoslynAnalysisRunner static constructor.
RoslynAnalysisRunner will not be running.
RoslynAnalysisRunner has terminated.
Mono: successfully reloaded assembly
- Completed reload, in  0.599 seconds
Platform modules already initialized, skipping
Refreshing native plugins compatible for Editor in 0.22 ms, found 0 plugins.
Preloading 0 native plugins for Editor in 0.00 ms.
Unloading 1113 Unused Serialized files (Serialized files now loaded: 0)
System memory in use before: 62.5 MB.
System memory in use after: 62.6 MB.

Unloading 5 unused Assets to reduce memory usage. Loaded Objects now: 1630.
Total: 1.818331 ms (FindLiveObjects: 0.125074 ms CreateObjectMapping: 0.037303 ms MarkObjects: 1.602316 ms  DeleteObjects: 0.052663 ms)

AssetImportWorkerClient::OnTransportError - code=2 error=End of file
