Using pre-set license
Built from '2020.2/china_unity/release' branch; Version is '2020.2.1f1c1 (252d8215dd99) revision 2436482'; Using compiler version '192528614'; Build Type 'Release'
OS: 'Windows 10  (10.0.0) 64bit' Language: 'zh' Physical Memory: 16338 MB
BatchMode: 1, IsHumanControllingUs: 0, StartBugReporterOnCrash: 0, Is64bit: 1, IsPro: 0

 COMMAND LINE ARGUMENTS:
E:\Program Files\Unity\2020.2.1f1c1\Editor\Unity.exe
-adb2
-batchMode
-noUpm
-name
AssetImportWorker0
-projectPath
E:/FF/TEST/NonStopNight/NonstopNight
-logFile
Logs/AssetImportWorker0.log
-srvPort
60231
Successfully changed project path to: E:/FF/TEST/NonStopNight/NonstopNight
E:/FF/TEST/NonStopNight/NonstopNight
Using Asset Import Pipeline V2.
Refreshing native plugins compatible for Editor in 34.56 ms, found 0 plugins.
Preloading 0 native plugins for Editor in 0.00 ms.
Initialize engine version: 2020.2.1f1c1 (252d8215dd99)
[Subsystems] Discovering subsystems at path E:/Program Files/Unity/2020.2.1f1c1/Editor/Data/Resources/UnitySubsystems
[Subsystems] Discovering subsystems at path E:/FF/TEST/NonStopNight/NonstopNight/Assets
GfxDevice: creating device client; threaded=0
Direct3D:
    Version:  Direct3D 11.0 [level 11.1]
    Renderer: NVIDIA GeForce GTX 1060 6GB (ID=0x1c03)
    Vendor:   
    VRAM:     6052 MB
    Driver:   27.21.14.5671
Initialize mono
Mono path[0] = 'E:/Program Files/Unity/2020.2.1f1c1/Editor/Data/Managed'
Mono path[1] = 'E:/Program Files/Unity/2020.2.1f1c1/Editor/Data/MonoBleedingEdge/lib/mono/unityjit'
Mono config path = 'E:/Program Files/Unity/2020.2.1f1c1/Editor/Data/MonoBleedingEdge/etc'
Using monoOptions --debugger-agent=transport=dt_socket,embedding=1,server=y,suspend=n,address=127.0.0.1:56508
Begin MonoManager ReloadAssembly
Registering precompiled unity dll's ...
Register platform support module: E:/Program Files/Unity/2020.2.1f1c1/Editor/Data/PlaybackEngines/WindowsStandaloneSupport/UnityEditor.WindowsStandalone.Extensions.dll
Registered in 0.000730 seconds.
Native extension for WindowsStandalone target not found
Refreshing native plugins compatible for Editor in 34.04 ms, found 0 plugins.
Preloading 0 native plugins for Editor in 0.00 ms.
Invoked RoslynAnalysisRunner static constructor.
RoslynAnalysisRunner will not be running.
RoslynAnalysisRunner has terminated.
Mono: successfully reloaded assembly
- Completed reload, in  0.860 seconds
Platform modules already initialized, skipping
Registering precompiled user dll's ...
Registered in 0.000673 seconds.
Begin MonoManager ReloadAssembly
Native extension for WindowsStandalone target not found
Refreshing native plugins compatible for Editor in 0.34 ms, found 0 plugins.
Preloading 0 native plugins for Editor in 0.00 ms.
Invoked RoslynAnalysisRunner static constructor.
RoslynAnalysisRunner will not be running.
RoslynAnalysisRunner has terminated.
Mono: successfully reloaded assembly
- Completed reload, in  0.726 seconds
Platform modules already initialized, skipping
========================================================================
Worker process is ready to serve import requests
Launched and connected shader compiler UnityShaderCompiler.exe after 0.09 seconds
Refreshing native plugins compatible for Editor in 0.35 ms, found 0 plugins.
Preloading 0 native plugins for Editor in 0.00 ms.
Unloading 1174 Unused Serialized files (Serialized files now loaded: 0)
System memory in use before: 66.5 MB.
System memory in use after: 66.6 MB.

Unloading 9 unused Assets to reduce memory usage. Loaded Objects now: 1627.
Total: 1.418239 ms (FindLiveObjects: 0.192853 ms CreateObjectMapping: 0.060952 ms MarkObjects: 1.110796 ms  DeleteObjects: 0.051931 ms)

========================================================================
Received Import Request.
  path: Assets/Lowpoly Style/Desert/DemoScene
  artifactKey: Guid(47ff149e124131e499f59662d7bfb49c) Importer(815301076,1909f56bfc062723c751e8b465ee728b)
Start importing Assets/Lowpoly Style/Desert/DemoScene using Guid(47ff149e124131e499f59662d7bfb49c) Importer(815301076,1909f56bfc062723c751e8b465ee728b)  -> (artifact id: '4ac8ff8e3b53a9f6bd823843d588f7c1') in 0.005278 seconds
  Import took 0.007400 seconds .

========================================================================
Received Import Request.
  Time since last request: 0.000608 seconds.
  path: Assets/Lowpoly Style/Desert/DemoScene/Desert.unity
  artifactKey: Guid(7af07c2516e46ab44bd921afca5031a4) Importer(815301076,1909f56bfc062723c751e8b465ee728b)
Start importing Assets/Lowpoly Style/Desert/DemoScene/Desert.unity using Guid(7af07c2516e46ab44bd921afca5031a4) Importer(815301076,1909f56bfc062723c751e8b465ee728b)  -> (artifact id: '26bcfc7c57a168f5dac3ffaf575b892c') in 0.009948 seconds
  Import took 0.012063 seconds .

========================================================================
Received Import Request.
  Time since last request: 0.000776 seconds.
  path: Assets/Lowpoly Style/Desert/Prefabs
  artifactKey: Guid(44979cad5fa58a64dae5bf92c56c9718) Importer(815301076,1909f56bfc062723c751e8b465ee728b)
Start importing Assets/Lowpoly Style/Desert/Prefabs using Guid(44979cad5fa58a64dae5bf92c56c9718) Importer(815301076,1909f56bfc062723c751e8b465ee728b)  -> (artifact id: 'b43b621eee7ddb6adfcb290235e66487') in 0.002893 seconds
  Import took 0.005042 seconds .

========================================================================
Received Import Request.
  Time since last request: 168.243983 seconds.
  path: Assets/Lowpoly Style/Alpine Woodland/DemoScene/AlpineWoodlandDemo.unity
  artifactKey: Guid(44004d143d27cd84299593592c4f9a29) Importer(815301076,1909f56bfc062723c751e8b465ee728b)
Start importing Assets/Lowpoly Style/Alpine Woodland/DemoScene/AlpineWoodlandDemo.unity using Guid(44004d143d27cd84299593592c4f9a29) Importer(815301076,1909f56bfc062723c751e8b465ee728b)  -> (artifact id: 'be1fb5a9d9944463c8b0654de9bfced3') in 0.002871 seconds
  Import took 0.004913 seconds .

========================================================================
Received Import Request.
  Time since last request: 21.262032 seconds.
  path: Assets/Lowpoly Style/Arctic Tundra/DemoScene/Tundra.unity
  artifactKey: Guid(699c96d0853e355418296dc8f68cff68) Importer(815301076,1909f56bfc062723c751e8b465ee728b)
Start importing Assets/Lowpoly Style/Arctic Tundra/DemoScene/Tundra.unity using Guid(699c96d0853e355418296dc8f68cff68) Importer(815301076,1909f56bfc062723c751e8b465ee728b)  -> (artifact id: 'df4777d62ba1e6133557ddbdf177ecb9') in 0.002841 seconds
  Import took 0.004832 seconds .

========================================================================
Received Import Request.
  Time since last request: 16.775256 seconds.
  path: Assets/Lowpoly Style/Asia/DemoScene/Demo
  artifactKey: Guid(a03b138979952104882ca7964819d6ed) Importer(815301076,1909f56bfc062723c751e8b465ee728b)
Start importing Assets/Lowpoly Style/Asia/DemoScene/Demo using Guid(a03b138979952104882ca7964819d6ed) Importer(815301076,1909f56bfc062723c751e8b465ee728b)  -> (artifact id: '9782c54017d5f21793868ec6aa3895d4') in 0.002529 seconds
  Import took 0.004206 seconds .

========================================================================
Received Import Request.
  Time since last request: 3.071144 seconds.
  path: Assets/Lowpoly Style/Asia/DemoScene/Demo.unity
  artifactKey: Guid(e03b3346e0850b14eb8baa76a7b654b2) Importer(815301076,1909f56bfc062723c751e8b465ee728b)
Start importing Assets/Lowpoly Style/Asia/DemoScene/Demo.unity using Guid(e03b3346e0850b14eb8baa76a7b654b2) Importer(815301076,1909f56bfc062723c751e8b465ee728b)  -> (artifact id: 'bc3665dd479894720a8dec45aeceaa76') in 0.002679 seconds
  Import took 0.004731 seconds .

========================================================================
Received Import Request.
  Time since last request: 22.069828 seconds.
  path: Assets/Lowpoly Style/ForestPack/DemoScene/Forest.unity
  artifactKey: Guid(3a7fae7730558744a87c69378a8aa5bb) Importer(815301076,1909f56bfc062723c751e8b465ee728b)
Start importing Assets/Lowpoly Style/ForestPack/DemoScene/Forest.unity using Guid(3a7fae7730558744a87c69378a8aa5bb) Importer(815301076,1909f56bfc062723c751e8b465ee728b)  -> (artifact id: '7869018f955c792d30492e23a86748d7') in 0.003719 seconds
  Import took 0.006103 seconds .

========================================================================
Received Prepare
Registering precompiled user dll's ...
Registered in 0.009582 seconds.
Begin MonoManager ReloadAssembly
Native extension for WindowsStandalone target not found
Refreshing native plugins compatible for Editor in 0.62 ms, found 0 plugins.
Preloading 0 native plugins for Editor in 0.00 ms.
Invoked RoslynAnalysisRunner static constructor.
RoslynAnalysisRunner will not be running.
RoslynAnalysisRunner has terminated.
Mono: successfully reloaded assembly
- Completed reload, in  1.270 seconds
Platform modules already initialized, skipping
Refreshing native plugins compatible for Editor in 0.26 ms, found 0 plugins.
Preloading 0 native plugins for Editor in 0.00 ms.
Unloading 1115 Unused Serialized files (Serialized files now loaded: 0)
System memory in use before: 62.7 MB.
System memory in use after: 62.7 MB.

Unloading 5 unused Assets to reduce memory usage. Loaded Objects now: 1629.
Total: 3.006658 ms (FindLiveObjects: 0.244297 ms CreateObjectMapping: 0.055832 ms MarkObjects: 2.642163 ms  DeleteObjects: 0.052663 ms)

========================================================================
Received Import Request.
  Time since last request: 3109.864643 seconds.
  path: Assets/ModularRPGHeroesPBR/Prefabs/BasicCharacters
  artifactKey: Guid(60582494bab750b4ab51c6b92ce78ae4) Importer(815301076,1909f56bfc062723c751e8b465ee728b)
Start importing Assets/ModularRPGHeroesPBR/Prefabs/BasicCharacters using Guid(60582494bab750b4ab51c6b92ce78ae4) Importer(815301076,1909f56bfc062723c751e8b465ee728b)  -> (artifact id: '8b59d64fa62e68b784ef81e660f4851c') in 0.014260 seconds
  Import took 0.016346 seconds .

========================================================================
Received Prepare
Registering precompiled user dll's ...
Registered in 0.000630 seconds.
Begin MonoManager ReloadAssembly
Native extension for WindowsStandalone target not found
Refreshing native plugins compatible for Editor in 0.49 ms, found 0 plugins.
Preloading 0 native plugins for Editor in 0.00 ms.
Invoked RoslynAnalysisRunner static constructor.
RoslynAnalysisRunner will not be running.
RoslynAnalysisRunner has terminated.
Mono: successfully reloaded assembly
- Completed reload, in  0.741 seconds
Platform modules already initialized, skipping
Refreshing native plugins compatible for Editor in 0.30 ms, found 0 plugins.
Preloading 0 native plugins for Editor in 0.00 ms.
Unloading 1115 Unused Serialized files (Serialized files now loaded: 0)
System memory in use before: 63.6 MB.
System memory in use after: 63.6 MB.

Unloading 5 unused Assets to reduce memory usage. Loaded Objects now: 1631.
Total: 3.393096 ms (FindLiveObjects: 0.395215 ms CreateObjectMapping: 0.097524 ms MarkObjects: 2.807222 ms  DeleteObjects: 0.090941 ms)

========================================================================
Received Prepare
Registering precompiled user dll's ...
Registered in 0.001912 seconds.
Begin MonoManager ReloadAssembly
Native extension for WindowsStandalone target not found
Refreshing native plugins compatible for Editor in 0.49 ms, found 0 plugins.
Preloading 0 native plugins for Editor in 0.00 ms.
Invoked RoslynAnalysisRunner static constructor.
RoslynAnalysisRunner will not be running.
RoslynAnalysisRunner has terminated.
Mono: successfully reloaded assembly
- Completed reload, in  1.675 seconds
Platform modules already initialized, skipping
Refreshing native plugins compatible for Editor in 0.49 ms, found 0 plugins.
Preloading 0 native plugins for Editor in 0.00 ms.
Unloading 1115 Unused Serialized files (Serialized files now loaded: 0)
System memory in use before: 63.7 MB.
System memory in use after: 63.8 MB.

Unloading 5 unused Assets to reduce memory usage. Loaded Objects now: 1633.
Total: 2.314483 ms (FindLiveObjects: 0.267703 ms CreateObjectMapping: 0.140434 ms MarkObjects: 1.844175 ms  DeleteObjects: 0.060709 ms)

========================================================================
Received Prepare
Registering precompiled user dll's ...
Registered in 0.001223 seconds.
Begin MonoManager ReloadAssembly
Native extension for WindowsStandalone target not found
Refreshing native plugins compatible for Editor in 0.79 ms, found 0 plugins.
Preloading 0 native plugins for Editor in 0.00 ms.
Invoked RoslynAnalysisRunner static constructor.
RoslynAnalysisRunner will not be running.
RoslynAnalysisRunner has terminated.
Mono: successfully reloaded assembly
- Completed reload, in  0.677 seconds
Platform modules already initialized, skipping
Refreshing native plugins compatible for Editor in 0.28 ms, found 0 plugins.
Preloading 0 native plugins for Editor in 0.00 ms.
Unloading 1115 Unused Serialized files (Serialized files now loaded: 0)
System memory in use before: 63.7 MB.
System memory in use after: 63.8 MB.

Unloading 5 unused Assets to reduce memory usage. Loaded Objects now: 1635.
Total: 2.079451 ms (FindLiveObjects: 0.282331 ms CreateObjectMapping: 0.075825 ms MarkObjects: 1.654735 ms  DeleteObjects: 0.065097 ms)

========================================================================
Received Import Request.
  Time since last request: 137.502792 seconds.
  path: Assets/Lowpoly Style/Desert/DemoScene/RP_DESERT.exr
  artifactKey: Guid(03d18c2e71e222b47a64574a95994481) Importer(815301076,1909f56bfc062723c751e8b465ee728b)
Start importing Assets/Lowpoly Style/Desert/DemoScene/RP_DESERT.exr using Guid(03d18c2e71e222b47a64574a95994481) Importer(815301076,1909f56bfc062723c751e8b465ee728b)  -> (artifact id: 'e36e49aa69104eb1146a7b04dfbc395a') in 0.151531 seconds
  Import took 0.154098 seconds .

========================================================================
Received Import Request.
  Time since last request: 0.002668 seconds.
  path: Assets/Lowpoly Style/Desert/DemoScene/RP_DESERT.exr
  artifactKey: Guid(03d18c2e71e222b47a64574a95994481) Importer(815301076,1909f56bfc062723c751e8b465ee728b)
Start importing Assets/Lowpoly Style/Desert/DemoScene/RP_DESERT.exr using Guid(03d18c2e71e222b47a64574a95994481) Importer(815301076,1909f56bfc062723c751e8b465ee728b)  -> (artifact id: 'e36e49aa69104eb1146a7b04dfbc395a') in 0.025959 seconds
  Import took 0.031520 seconds .

========================================================================
Received Prepare
Registering precompiled user dll's ...
Registered in 0.000752 seconds.
Begin MonoManager ReloadAssembly
Native extension for WindowsStandalone target not found
Refreshing native plugins compatible for Editor in 0.27 ms, found 0 plugins.
Preloading 0 native plugins for Editor in 0.00 ms.
Invoked RoslynAnalysisRunner static constructor.
RoslynAnalysisRunner will not be running.
RoslynAnalysisRunner has terminated.
Mono: successfully reloaded assembly
- Completed reload, in  0.657 seconds
Platform modules already initialized, skipping
Refreshing native plugins compatible for Editor in 0.33 ms, found 0 plugins.
Preloading 0 native plugins for Editor in 0.00 ms.
Unloading 1115 Unused Serialized files (Serialized files now loaded: 0)
System memory in use before: 66.8 MB.
System memory in use after: 66.9 MB.

Unloading 5 unused Assets to reduce memory usage. Loaded Objects now: 1669.
Total: 1.274636 ms (FindLiveObjects: 0.156038 ms CreateObjectMapping: 0.030720 ms MarkObjects: 1.047405 ms  DeleteObjects: 0.039497 ms)

========================================================================
Received Prepare
Registering precompiled user dll's ...
Registered in 0.000762 seconds.
Begin MonoManager ReloadAssembly
Native extension for WindowsStandalone target not found
Refreshing native plugins compatible for Editor in 0.28 ms, found 0 plugins.
Preloading 0 native plugins for Editor in 0.00 ms.
Invoked RoslynAnalysisRunner static constructor.
RoslynAnalysisRunner will not be running.
RoslynAnalysisRunner has terminated.
Mono: successfully reloaded assembly
- Completed reload, in  0.670 seconds
Platform modules already initialized, skipping
Refreshing native plugins compatible for Editor in 0.29 ms, found 0 plugins.
Preloading 0 native plugins for Editor in 0.00 ms.
Unloading 1115 Unused Serialized files (Serialized files now loaded: 0)
System memory in use before: 67.1 MB.
System memory in use after: 67.1 MB.

Unloading 5 unused Assets to reduce memory usage. Loaded Objects now: 1671.
Total: 1.596952 ms (FindLiveObjects: 0.249417 ms CreateObjectMapping: 0.068023 ms MarkObjects: 1.225142 ms  DeleteObjects: 0.052907 ms)

========================================================================
Received Import Request.
  Time since last request: 214.377920 seconds.
  path: Assets/Art/AnimationController/Assassin.controller
  artifactKey: Guid(7825a631496847247a448cc3bd7286a4) Importer(815301076,1909f56bfc062723c751e8b465ee728b)
Start importing Assets/Art/AnimationController/Assassin.controller using Guid(7825a631496847247a448cc3bd7286a4) Importer(815301076,1909f56bfc062723c751e8b465ee728b)  -> (artifact id: 'd23ada6209dab095c0de6e7a5e8644ad') in 0.017358 seconds
  Import took 0.019690 seconds .

========================================================================
Received Prepare
Registering precompiled user dll's ...
Registered in 0.000819 seconds.
Begin MonoManager ReloadAssembly
Native extension for WindowsStandalone target not found
Refreshing native plugins compatible for Editor in 0.27 ms, found 0 plugins.
Preloading 0 native plugins for Editor in 0.00 ms.
Invoked RoslynAnalysisRunner static constructor.
RoslynAnalysisRunner will not be running.
RoslynAnalysisRunner has terminated.
Mono: successfully reloaded assembly
- Completed reload, in  0.609 seconds
Platform modules already initialized, skipping
Refreshing native plugins compatible for Editor in 0.29 ms, found 0 plugins.
Preloading 0 native plugins for Editor in 0.00 ms.
Unloading 1115 Unused Serialized files (Serialized files now loaded: 0)
System memory in use before: 67.1 MB.
System memory in use after: 67.1 MB.

Unloading 5 unused Assets to reduce memory usage. Loaded Objects now: 1673.
Total: 1.621333 ms (FindLiveObjects: 0.237714 ms CreateObjectMapping: 0.043154 ms MarkObjects: 1.283657 ms  DeleteObjects: 0.055345 ms)

========================================================================
Received Import Request.
  Time since last request: 24.898179 seconds.
  path: Assets/Art/AnimationController/SwordShield.controller
  artifactKey: Guid(a28d9c802273af841b75b66ef5c08232) Importer(815301076,1909f56bfc062723c751e8b465ee728b)
Start importing Assets/Art/AnimationController/SwordShield.controller using Guid(a28d9c802273af841b75b66ef5c08232) Importer(815301076,1909f56bfc062723c751e8b465ee728b)  -> (artifact id: '5c4f3ee6e6ac99bcc784a2dfdac383ff') in 0.053299 seconds
  Import took 0.057212 seconds .

========================================================================
Received Import Request.
  Time since last request: 18.646436 seconds.
  path: Assets/Resources/Effects/rodidlo.prefab
  artifactKey: Guid(4b9e9c60a13b2429490a64fcadf6f372) Importer(815301076,1909f56bfc062723c751e8b465ee728b)
Start importing Assets/Resources/Effects/rodidlo.prefab using Guid(4b9e9c60a13b2429490a64fcadf6f372) Importer(815301076,1909f56bfc062723c751e8b465ee728b)  -> (artifact id: '2d3efd1faed170f202ff3342187121f4') in 0.017418 seconds
  Import took 0.019190 seconds .

========================================================================
Received Import Request.
  Time since last request: 0.000878 seconds.
  path: Assets/Resources/Effects/rodidlo.prefab
  artifactKey: Guid(4b9e9c60a13b2429490a64fcadf6f372) Importer(815301076,1909f56bfc062723c751e8b465ee728b)
Start importing Assets/Resources/Effects/rodidlo.prefab using Guid(4b9e9c60a13b2429490a64fcadf6f372) Importer(815301076,1909f56bfc062723c751e8b465ee728b)  -> (artifact id: '2d3efd1faed170f202ff3342187121f4') in 0.005363 seconds
  Import took 0.007327 seconds .

========================================================================
Received Import Request.
  Time since last request: 79.834356 seconds.
  path: Assets/ModularRPGHeroesPBR/Animations/SwordShield/Walk_SwordShield.fbx
  artifactKey: Guid(e145e4e6dd14bb24b95f704935b91a41) Importer(815301076,1909f56bfc062723c751e8b465ee728b)
Start importing Assets/ModularRPGHeroesPBR/Animations/SwordShield/Walk_SwordShield.fbx using Guid(e145e4e6dd14bb24b95f704935b91a41) Importer(815301076,1909f56bfc062723c751e8b465ee728b)  -> (artifact id: 'fd5c084c0d076cf5724f26849080ba92') in 0.373865 seconds
  Import took 0.376048 seconds .

========================================================================
Received Import Request.
  Time since last request: 10.189108 seconds.
  path: Assets/ModularRPGHeroesPBR/Animations/SwordShield/Run_SwordShield.fbx
  artifactKey: Guid(abf17d9bb94bc1d49a5e56bddc992491) Importer(815301076,1909f56bfc062723c751e8b465ee728b)
Start importing Assets/ModularRPGHeroesPBR/Animations/SwordShield/Run_SwordShield.fbx using Guid(abf17d9bb94bc1d49a5e56bddc992491) Importer(815301076,1909f56bfc062723c751e8b465ee728b)  -> (artifact id: 'fdab9bc71cce98b37b3cb28c135ec302') in 0.069899 seconds
  Import took 0.072388 seconds .

========================================================================
Received Prepare
Registering precompiled user dll's ...
Registered in 0.000905 seconds.
Begin MonoManager ReloadAssembly
Native extension for WindowsStandalone target not found
Refreshing native plugins compatible for Editor in 0.49 ms, found 0 plugins.
Preloading 0 native plugins for Editor in 0.00 ms.
Invoked RoslynAnalysisRunner static constructor.
RoslynAnalysisRunner will not be running.
RoslynAnalysisRunner has terminated.
Mono: successfully reloaded assembly
- Completed reload, in  0.761 seconds
Platform modules already initialized, skipping
Refreshing native plugins compatible for Editor in 0.42 ms, found 0 plugins.
Preloading 0 native plugins for Editor in 0.00 ms.
Unloading 1115 Unused Serialized files (Serialized files now loaded: 0)
System memory in use before: 78.9 MB.
System memory in use after: 79.0 MB.

Unloading 6 unused Assets to reduce memory usage. Loaded Objects now: 1680.
Total: 1.915123 ms (FindLiveObjects: 0.154331 ms CreateObjectMapping: 0.038034 ms MarkObjects: 1.605973 ms  DeleteObjects: 0.114834 ms)

========================================================================
Received Prepare
Registering precompiled user dll's ...
Registered in 0.001083 seconds.
Begin MonoManager ReloadAssembly
Native extension for WindowsStandalone target not found
Refreshing native plugins compatible for Editor in 0.38 ms, found 0 plugins.
Preloading 0 native plugins for Editor in 0.00 ms.
Invoked RoslynAnalysisRunner static constructor.
RoslynAnalysisRunner will not be running.
RoslynAnalysisRunner has terminated.
Mono: successfully reloaded assembly
- Completed reload, in  0.731 seconds
Platform modules already initialized, skipping
Refreshing native plugins compatible for Editor in 0.31 ms, found 0 plugins.
Preloading 0 native plugins for Editor in 0.00 ms.
Unloading 1115 Unused Serialized files (Serialized files now loaded: 0)
System memory in use before: 78.3 MB.
System memory in use after: 78.4 MB.

Unloading 5 unused Assets to reduce memory usage. Loaded Objects now: 1682.
Total: 1.946575 ms (FindLiveObjects: 0.146529 ms CreateObjectMapping: 0.043154 ms MarkObjects: 1.565257 ms  DeleteObjects: 0.190415 ms)

========================================================================
Received Prepare
Registering precompiled user dll's ...
Registered in 0.000670 seconds.
Begin MonoManager ReloadAssembly
Native extension for WindowsStandalone target not found
Refreshing native plugins compatible for Editor in 0.84 ms, found 0 plugins.
Preloading 0 native plugins for Editor in 0.00 ms.
Invoked RoslynAnalysisRunner static constructor.
RoslynAnalysisRunner will not be running.
RoslynAnalysisRunner has terminated.
Mono: successfully reloaded assembly
- Completed reload, in  0.612 seconds
Platform modules already initialized, skipping
Refreshing native plugins compatible for Editor in 0.33 ms, found 0 plugins.
Preloading 0 native plugins for Editor in 0.00 ms.
Unloading 1115 Unused Serialized files (Serialized files now loaded: 0)
System memory in use before: 78.2 MB.
System memory in use after: 78.3 MB.

Unloading 5 unused Assets to reduce memory usage. Loaded Objects now: 1684.
Total: 1.339489 ms (FindLiveObjects: 0.119223 ms CreateObjectMapping: 0.032183 ms MarkObjects: 1.130057 ms  DeleteObjects: 0.056808 ms)

========================================================================
Received Prepare
Registering precompiled user dll's ...
Registered in 0.000879 seconds.
Begin MonoManager ReloadAssembly
Native extension for WindowsStandalone target not found
Refreshing native plugins compatible for Editor in 0.28 ms, found 0 plugins.
Preloading 0 native plugins for Editor in 0.00 ms.
Invoked RoslynAnalysisRunner static constructor.
RoslynAnalysisRunner will not be running.
RoslynAnalysisRunner has terminated.
Mono: successfully reloaded assembly
- Completed reload, in  0.744 seconds
Platform modules already initialized, skipping
Refreshing native plugins compatible for Editor in 0.30 ms, found 0 plugins.
Preloading 0 native plugins for Editor in 0.00 ms.
Unloading 1115 Unused Serialized files (Serialized files now loaded: 0)
System memory in use before: 78.3 MB.
System memory in use after: 78.4 MB.

Unloading 5 unused Assets to reduce memory usage. Loaded Objects now: 1686.
Total: 1.482361 ms (FindLiveObjects: 0.167741 ms CreateObjectMapping: 0.069973 ms MarkObjects: 1.192228 ms  DeleteObjects: 0.051200 ms)

========================================================================
Received Prepare
Registering precompiled user dll's ...
Registered in 0.000847 seconds.
Begin MonoManager ReloadAssembly
Native extension for WindowsStandalone target not found
Refreshing native plugins compatible for Editor in 0.47 ms, found 0 plugins.
Preloading 0 native plugins for Editor in 0.00 ms.
Invoked RoslynAnalysisRunner static constructor.
RoslynAnalysisRunner will not be running.
RoslynAnalysisRunner has terminated.
Mono: successfully reloaded assembly
- Completed reload, in  0.815 seconds
Platform modules already initialized, skipping
Refreshing native plugins compatible for Editor in 0.40 ms, found 0 plugins.
Preloading 0 native plugins for Editor in 0.00 ms.
Unloading 1115 Unused Serialized files (Serialized files now loaded: 0)
System memory in use before: 78.3 MB.
System memory in use after: 78.4 MB.

Unloading 5 unused Assets to reduce memory usage. Loaded Objects now: 1688.
Total: 1.261714 ms (FindLiveObjects: 0.131169 ms CreateObjectMapping: 0.045836 ms MarkObjects: 1.038628 ms  DeleteObjects: 0.045105 ms)

========================================================================
Received Prepare
Registering precompiled user dll's ...
Registered in 0.000676 seconds.
Begin MonoManager ReloadAssembly
Native extension for WindowsStandalone target not found
Refreshing native plugins compatible for Editor in 0.28 ms, found 0 plugins.
Preloading 0 native plugins for Editor in 0.00 ms.
Invoked RoslynAnalysisRunner static constructor.
RoslynAnalysisRunner will not be running.
RoslynAnalysisRunner has terminated.
Mono: successfully reloaded assembly
- Completed reload, in  0.602 seconds
Platform modules already initialized, skipping
Refreshing native plugins compatible for Editor in 0.33 ms, found 0 plugins.
Preloading 0 native plugins for Editor in 0.00 ms.
Unloading 1115 Unused Serialized files (Serialized files now loaded: 0)
System memory in use before: 78.1 MB.
System memory in use after: 78.2 MB.

Unloading 5 unused Assets to reduce memory usage. Loaded Objects now: 1690.
Total: 1.413851 ms (FindLiveObjects: 0.181638 ms CreateObjectMapping: 0.058758 ms MarkObjects: 1.123718 ms  DeleteObjects: 0.048030 ms)

========================================================================
Received Prepare
Registering precompiled user dll's ...
Registered in 0.000644 seconds.
Begin MonoManager ReloadAssembly
Native extension for WindowsStandalone target not found
Refreshing native plugins compatible for Editor in 0.49 ms, found 0 plugins.
Preloading 0 native plugins for Editor in 0.00 ms.
Invoked RoslynAnalysisRunner static constructor.
RoslynAnalysisRunner will not be running.
RoslynAnalysisRunner has terminated.
Mono: successfully reloaded assembly
- Completed reload, in  0.673 seconds
Platform modules already initialized, skipping
Refreshing native plugins compatible for Editor in 0.31 ms, found 0 plugins.
Preloading 0 native plugins for Editor in 0.00 ms.
Unloading 1115 Unused Serialized files (Serialized files now loaded: 0)
System memory in use before: 78.3 MB.
System memory in use after: 78.4 MB.

Unloading 5 unused Assets to reduce memory usage. Loaded Objects now: 1692.
Total: 1.691306 ms (FindLiveObjects: 0.127756 ms CreateObjectMapping: 0.034621 ms MarkObjects: 1.474316 ms  DeleteObjects: 0.053394 ms)

========================================================================
Received Prepare
Registering precompiled user dll's ...
Registered in 0.001004 seconds.
Begin MonoManager ReloadAssembly
Native extension for WindowsStandalone target not found
Refreshing native plugins compatible for Editor in 0.32 ms, found 0 plugins.
Preloading 0 native plugins for Editor in 0.00 ms.
Invoked RoslynAnalysisRunner static constructor.
RoslynAnalysisRunner will not be running.
RoslynAnalysisRunner has terminated.
Mono: successfully reloaded assembly
- Completed reload, in  0.670 seconds
Platform modules already initialized, skipping
Refreshing native plugins compatible for Editor in 0.41 ms, found 0 plugins.
Preloading 0 native plugins for Editor in 0.00 ms.
Unloading 1115 Unused Serialized files (Serialized files now loaded: 0)
System memory in use before: 78.3 MB.
System memory in use after: 78.4 MB.

Unloading 5 unused Assets to reduce memory usage. Loaded Objects now: 1694.
Total: 1.405318 ms (FindLiveObjects: 0.186758 ms CreateObjectMapping: 0.049981 ms MarkObjects: 1.119817 ms  DeleteObjects: 0.047543 ms)

========================================================================
Received Prepare
Registering precompiled user dll's ...
Registered in 0.000606 seconds.
Begin MonoManager ReloadAssembly
Native extension for WindowsStandalone target not found
Refreshing native plugins compatible for Editor in 0.31 ms, found 0 plugins.
Preloading 0 native plugins for Editor in 0.00 ms.
Invoked RoslynAnalysisRunner static constructor.
RoslynAnalysisRunner will not be running.
RoslynAnalysisRunner has terminated.
Mono: successfully reloaded assembly
- Completed reload, in  0.676 seconds
Platform modules already initialized, skipping
Refreshing native plugins compatible for Editor in 0.28 ms, found 0 plugins.
Preloading 0 native plugins for Editor in 0.00 ms.
Unloading 1115 Unused Serialized files (Serialized files now loaded: 0)
System memory in use before: 78.0 MB.
System memory in use after: 78.1 MB.

Unloading 5 unused Assets to reduce memory usage. Loaded Objects now: 1696.
Total: 1.409462 ms (FindLiveObjects: 0.188709 ms CreateObjectMapping: 0.066316 ms MarkObjects: 1.107139 ms  DeleteObjects: 0.046080 ms)

========================================================================
Received Prepare
Registering precompiled user dll's ...
Registered in 0.000686 seconds.
Begin MonoManager ReloadAssembly
Native extension for WindowsStandalone target not found
Refreshing native plugins compatible for Editor in 0.41 ms, found 0 plugins.
Preloading 0 native plugins for Editor in 0.00 ms.
Invoked RoslynAnalysisRunner static constructor.
RoslynAnalysisRunner will not be running.
RoslynAnalysisRunner has terminated.
Mono: successfully reloaded assembly
- Completed reload, in  0.767 seconds
Platform modules already initialized, skipping
Refreshing native plugins compatible for Editor in 0.27 ms, found 0 plugins.
Preloading 0 native plugins for Editor in 0.00 ms.
Unloading 1115 Unused Serialized files (Serialized files now loaded: 0)
System memory in use before: 78.3 MB.
System memory in use after: 78.4 MB.

Unloading 5 unused Assets to reduce memory usage. Loaded Objects now: 1698.
Total: 1.717637 ms (FindLiveObjects: 0.142385 ms CreateObjectMapping: 0.053394 ms MarkObjects: 1.470902 ms  DeleteObjects: 0.049737 ms)

========================================================================
Received Prepare
Registering precompiled user dll's ...
Registered in 0.000899 seconds.
Begin MonoManager ReloadAssembly
Native extension for WindowsStandalone target not found
Refreshing native plugins compatible for Editor in 0.41 ms, found 0 plugins.
Preloading 0 native plugins for Editor in 0.00 ms.
Invoked RoslynAnalysisRunner static constructor.
RoslynAnalysisRunner will not be running.
RoslynAnalysisRunner has terminated.
Mono: successfully reloaded assembly
- Completed reload, in  0.612 seconds
Platform modules already initialized, skipping
Refreshing native plugins compatible for Editor in 0.27 ms, found 0 plugins.
Preloading 0 native plugins for Editor in 0.00 ms.
Unloading 1115 Unused Serialized files (Serialized files now loaded: 0)
System memory in use before: 78.3 MB.
System memory in use after: 78.4 MB.

Unloading 5 unused Assets to reduce memory usage. Loaded Objects now: 1700.
Total: 1.250499 ms (FindLiveObjects: 0.135314 ms CreateObjectMapping: 0.034621 ms MarkObjects: 1.034971 ms  DeleteObjects: 0.044373 ms)

========================================================================
Received Prepare
Registering precompiled user dll's ...
Registered in 0.000857 seconds.
Begin MonoManager ReloadAssembly
Native extension for WindowsStandalone target not found
Refreshing native plugins compatible for Editor in 0.32 ms, found 0 plugins.
Preloading 0 native plugins for Editor in 0.00 ms.
Invoked RoslynAnalysisRunner static constructor.
RoslynAnalysisRunner will not be running.
RoslynAnalysisRunner has terminated.
Mono: successfully reloaded assembly
- Completed reload, in  0.807 seconds
Platform modules already initialized, skipping
Refreshing native plugins compatible for Editor in 0.58 ms, found 0 plugins.
Preloading 0 native plugins for Editor in 0.00 ms.
Unloading 1115 Unused Serialized files (Serialized files now loaded: 0)
System memory in use before: 78.3 MB.
System memory in use after: 78.4 MB.

Unloading 5 unused Assets to reduce memory usage. Loaded Objects now: 1702.
Total: 2.085546 ms (FindLiveObjects: 0.246979 ms CreateObjectMapping: 0.074606 ms MarkObjects: 1.690818 ms  DeleteObjects: 0.070949 ms)

========================================================================
Received Prepare
Registering precompiled user dll's ...
Registered in 0.000696 seconds.
Begin MonoManager ReloadAssembly
Native extension for WindowsStandalone target not found
Refreshing native plugins compatible for Editor in 0.29 ms, found 0 plugins.
Preloading 0 native plugins for Editor in 0.00 ms.
Invoked RoslynAnalysisRunner static constructor.
RoslynAnalysisRunner will not be running.
RoslynAnalysisRunner has terminated.
Mono: successfully reloaded assembly
- Completed reload, in  0.623 seconds
Platform modules already initialized, skipping
Refreshing native plugins compatible for Editor in 0.32 ms, found 0 plugins.
Preloading 0 native plugins for Editor in 0.00 ms.
Unloading 1115 Unused Serialized files (Serialized files now loaded: 0)
System memory in use before: 78.3 MB.
System memory in use after: 78.4 MB.

Unloading 5 unused Assets to reduce memory usage. Loaded Objects now: 1704.
Total: 1.615238 ms (FindLiveObjects: 0.121173 ms CreateObjectMapping: 0.033646 ms MarkObjects: 1.404586 ms  DeleteObjects: 0.054370 ms)

========================================================================
Received Prepare
Registering precompiled user dll's ...
Registered in 0.000678 seconds.
Begin MonoManager ReloadAssembly
Native extension for WindowsStandalone target not found
Refreshing native plugins compatible for Editor in 0.31 ms, found 0 plugins.
Preloading 0 native plugins for Editor in 0.00 ms.
Invoked RoslynAnalysisRunner static constructor.
RoslynAnalysisRunner will not be running.
RoslynAnalysisRunner has terminated.
Mono: successfully reloaded assembly
- Completed reload, in  0.719 seconds
Platform modules already initialized, skipping
Refreshing native plugins compatible for Editor in 0.26 ms, found 0 plugins.
Preloading 0 native plugins for Editor in 0.00 ms.
Unloading 1115 Unused Serialized files (Serialized files now loaded: 0)
System memory in use before: 78.2 MB.
System memory in use after: 78.3 MB.

Unloading 5 unused Assets to reduce memory usage. Loaded Objects now: 1706.
Total: 1.344609 ms (FindLiveObjects: 0.130438 ms CreateObjectMapping: 0.034865 ms MarkObjects: 1.129569 ms  DeleteObjects: 0.048274 ms)

========================================================================
Received Prepare
Registering precompiled user dll's ...
Registered in 0.000635 seconds.
Begin MonoManager ReloadAssembly
Native extension for WindowsStandalone target not found
Refreshing native plugins compatible for Editor in 0.27 ms, found 0 plugins.
Preloading 0 native plugins for Editor in 0.00 ms.
Invoked RoslynAnalysisRunner static constructor.
RoslynAnalysisRunner will not be running.
RoslynAnalysisRunner has terminated.
Mono: successfully reloaded assembly
- Completed reload, in  0.589 seconds
Platform modules already initialized, skipping
Refreshing native plugins compatible for Editor in 0.26 ms, found 0 plugins.
Preloading 0 native plugins for Editor in 0.00 ms.
Unloading 1115 Unused Serialized files (Serialized files now loaded: 0)
System memory in use before: 78.4 MB.
System memory in use after: 78.4 MB.

Unloading 5 unused Assets to reduce memory usage. Loaded Objects now: 1708.
Total: 1.376548 ms (FindLiveObjects: 0.161646 ms CreateObjectMapping: 0.050712 ms MarkObjects: 1.117135 ms  DeleteObjects: 0.045836 ms)

========================================================================
Received Prepare
Registering precompiled user dll's ...
Registered in 0.000925 seconds.
Begin MonoManager ReloadAssembly
Native extension for WindowsStandalone target not found
Refreshing native plugins compatible for Editor in 0.27 ms, found 0 plugins.
Preloading 0 native plugins for Editor in 0.00 ms.
Invoked RoslynAnalysisRunner static constructor.
RoslynAnalysisRunner will not be running.
RoslynAnalysisRunner has terminated.
Mono: successfully reloaded assembly
- Completed reload, in  0.758 seconds
Platform modules already initialized, skipping
Refreshing native plugins compatible for Editor in 0.27 ms, found 0 plugins.
Preloading 0 native plugins for Editor in 0.00 ms.
Unloading 1115 Unused Serialized files (Serialized files now loaded: 0)
System memory in use before: 78.4 MB.
System memory in use after: 78.4 MB.

Unloading 5 unused Assets to reduce memory usage. Loaded Objects now: 1710.
Total: 1.819550 ms (FindLiveObjects: 0.278187 ms CreateObjectMapping: 0.089722 ms MarkObjects: 1.388739 ms  DeleteObjects: 0.061440 ms)

========================================================================
Received Prepare
Registering precompiled user dll's ...
Registered in 0.001591 seconds.
Begin MonoManager ReloadAssembly
Native extension for WindowsStandalone target not found
Refreshing native plugins compatible for Editor in 0.37 ms, found 0 plugins.
Preloading 0 native plugins for Editor in 0.00 ms.
Invoked RoslynAnalysisRunner static constructor.
RoslynAnalysisRunner will not be running.
RoslynAnalysisRunner has terminated.
Mono: successfully reloaded assembly
- Completed reload, in  0.740 seconds
Platform modules already initialized, skipping
Refreshing native plugins compatible for Editor in 0.32 ms, found 0 plugins.
Preloading 0 native plugins for Editor in 0.00 ms.
Unloading 1115 Unused Serialized files (Serialized files now loaded: 0)
System memory in use before: 78.1 MB.
System memory in use after: 78.2 MB.

Unloading 5 unused Assets to reduce memory usage. Loaded Objects now: 1712.
Total: 1.548921 ms (FindLiveObjects: 0.164571 ms CreateObjectMapping: 0.071192 ms MarkObjects: 1.262445 ms  DeleteObjects: 0.049493 ms)

========================================================================
Received Import Request.
  Time since last request: 1604.580368 seconds.
  path: Assets/ModularRPGHeroesPBR/Animations/SwordShield/NormalAttack01_SwordShield.fbx
  artifactKey: Guid(e160663af1b56d44e94a7ceb3007c110) Importer(815301076,1909f56bfc062723c751e8b465ee728b)
Start importing Assets/ModularRPGHeroesPBR/Animations/SwordShield/NormalAttack01_SwordShield.fbx using Guid(e160663af1b56d44e94a7ceb3007c110) Importer(815301076,1909f56bfc062723c751e8b465ee728b)  -> (artifact id: '5dfe58c6e18bd77fc203eb0303c76291') in 0.120182 seconds
  Import took 0.125431 seconds .

========================================================================
Received Import Request.
  Time since last request: 35.572056 seconds.
  path: Assets/Art/AnimationController/SwordShield.controller
  artifactKey: Guid(a28d9c802273af841b75b66ef5c08232) Importer(815301076,1909f56bfc062723c751e8b465ee728b)
Start importing Assets/Art/AnimationController/SwordShield.controller using Guid(a28d9c802273af841b75b66ef5c08232) Importer(815301076,1909f56bfc062723c751e8b465ee728b)  -> (artifact id: 'ac342143491b9ad181943d64c00dd0ca') in 0.006372 seconds
  Import took 0.008678 seconds .

========================================================================
Received Prepare
Registering precompiled user dll's ...
Registered in 0.000714 seconds.
Begin MonoManager ReloadAssembly
Native extension for WindowsStandalone target not found
Refreshing native plugins compatible for Editor in 0.26 ms, found 0 plugins.
Preloading 0 native plugins for Editor in 0.00 ms.
Invoked RoslynAnalysisRunner static constructor.
RoslynAnalysisRunner will not be running.
RoslynAnalysisRunner has terminated.
Mono: successfully reloaded assembly
- Completed reload, in  0.604 seconds
Platform modules already initialized, skipping
Refreshing native plugins compatible for Editor in 0.29 ms, found 0 plugins.
Preloading 0 native plugins for Editor in 0.00 ms.
Unloading 1115 Unused Serialized files (Serialized files now loaded: 0)
System memory in use before: 78.4 MB.
System memory in use after: 78.5 MB.

Unloading 6 unused Assets to reduce memory usage. Loaded Objects now: 1715.
Total: 1.786879 ms (FindLiveObjects: 0.203337 ms CreateObjectMapping: 0.076800 ms MarkObjects: 1.439939 ms  DeleteObjects: 0.065097 ms)

========================================================================
Received Prepare
Registering precompiled user dll's ...
Registered in 0.000555 seconds.
Begin MonoManager ReloadAssembly
Native extension for WindowsStandalone target not found
Refreshing native plugins compatible for Editor in 0.31 ms, found 0 plugins.
Preloading 0 native plugins for Editor in 0.00 ms.
Invoked RoslynAnalysisRunner static constructor.
RoslynAnalysisRunner will not be running.
RoslynAnalysisRunner has terminated.
Mono: successfully reloaded assembly
- Completed reload, in  0.621 seconds
Platform modules already initialized, skipping
Refreshing native plugins compatible for Editor in 0.26 ms, found 0 plugins.
Preloading 0 native plugins for Editor in 0.00 ms.
Unloading 1115 Unused Serialized files (Serialized files now loaded: 0)
System memory in use before: 78.4 MB.
System memory in use after: 78.5 MB.

Unloading 5 unused Assets to reduce memory usage. Loaded Objects now: 1717.
Total: 1.354118 ms (FindLiveObjects: 0.130438 ms CreateObjectMapping: 0.037303 ms MarkObjects: 1.138590 ms  DeleteObjects: 0.046811 ms)

========================================================================
Received Prepare
Registering precompiled user dll's ...
Registered in 0.001228 seconds.
Begin MonoManager ReloadAssembly
Native extension for WindowsStandalone target not found
Refreshing native plugins compatible for Editor in 0.27 ms, found 0 plugins.
Preloading 0 native plugins for Editor in 0.00 ms.
Invoked RoslynAnalysisRunner static constructor.
RoslynAnalysisRunner will not be running.
RoslynAnalysisRunner has terminated.
Mono: successfully reloaded assembly
- Completed reload, in  0.735 seconds
Platform modules already initialized, skipping
Refreshing native plugins compatible for Editor in 0.29 ms, found 0 plugins.
Preloading 0 native plugins for Editor in 0.00 ms.
Unloading 1115 Unused Serialized files (Serialized files now loaded: 0)
System memory in use before: 78.1 MB.
System memory in use after: 78.1 MB.

Unloading 5 unused Assets to reduce memory usage. Loaded Objects now: 1719.
Total: 1.474559 ms (FindLiveObjects: 0.130926 ms CreateObjectMapping: 0.036328 ms MarkObjects: 1.248792 ms  DeleteObjects: 0.056808 ms)

========================================================================
Received Prepare
Registering precompiled user dll's ...
Registered in 0.001050 seconds.
Begin MonoManager ReloadAssembly
Native extension for WindowsStandalone target not found
Refreshing native plugins compatible for Editor in 0.35 ms, found 0 plugins.
Preloading 0 native plugins for Editor in 0.00 ms.
Invoked RoslynAnalysisRunner static constructor.
RoslynAnalysisRunner will not be running.
RoslynAnalysisRunner has terminated.
Mono: successfully reloaded assembly
- Completed reload, in  0.768 seconds
Platform modules already initialized, skipping
Refreshing native plugins compatible for Editor in 0.27 ms, found 0 plugins.
Preloading 0 native plugins for Editor in 0.00 ms.
Unloading 1115 Unused Serialized files (Serialized files now loaded: 0)
System memory in use before: 78.4 MB.
System memory in use after: 78.5 MB.

Unloading 5 unused Assets to reduce memory usage. Loaded Objects now: 1721.
Total: 1.979733 ms (FindLiveObjects: 0.143604 ms CreateObjectMapping: 0.042179 ms MarkObjects: 1.722026 ms  DeleteObjects: 0.069973 ms)

========================================================================
Received Prepare
Registering precompiled user dll's ...
Registered in 0.000610 seconds.
Begin MonoManager ReloadAssembly
Native extension for WindowsStandalone target not found
Refreshing native plugins compatible for Editor in 0.39 ms, found 0 plugins.
Preloading 0 native plugins for Editor in 0.00 ms.
Invoked RoslynAnalysisRunner static constructor.
RoslynAnalysisRunner will not be running.
RoslynAnalysisRunner has terminated.
Mono: successfully reloaded assembly
- Completed reload, in  0.693 seconds
Platform modules already initialized, skipping
Refreshing native plugins compatible for Editor in 0.27 ms, found 0 plugins.
Preloading 0 native plugins for Editor in 0.00 ms.
Unloading 1115 Unused Serialized files (Serialized files now loaded: 0)
System memory in use before: 78.3 MB.
System memory in use after: 78.4 MB.

Unloading 5 unused Assets to reduce memory usage. Loaded Objects now: 1723.
Total: 1.372159 ms (FindLiveObjects: 0.151893 ms CreateObjectMapping: 0.039010 ms MarkObjects: 1.133958 ms  DeleteObjects: 0.045836 ms)

========================================================================
Received Import Request.
  Time since last request: 874.373371 seconds.
  path: Assets/ModularRPGHeroesPBR/Animations/SwordShield/Roll_SwordShield.fbx
  artifactKey: Guid(63053acb985c06f46867adffec75fe6a) Importer(815301076,1909f56bfc062723c751e8b465ee728b)
Start importing Assets/ModularRPGHeroesPBR/Animations/SwordShield/Roll_SwordShield.fbx using Guid(63053acb985c06f46867adffec75fe6a) Importer(815301076,1909f56bfc062723c751e8b465ee728b)  -> (artifact id: '259f841f22d64bb7f25e2e51a1d1d9d1') in 0.117486 seconds
  Import took 0.121180 seconds .

========================================================================
Received Import Request.
  Time since last request: 23.234029 seconds.
  path: Assets/Art/AnimationController/SwordShield.controller
  artifactKey: Guid(a28d9c802273af841b75b66ef5c08232) Importer(815301076,1909f56bfc062723c751e8b465ee728b)
Start importing Assets/Art/AnimationController/SwordShield.controller using Guid(a28d9c802273af841b75b66ef5c08232) Importer(815301076,1909f56bfc062723c751e8b465ee728b)  -> (artifact id: '7faa54292aede81956cec504a4dddb97') in 0.005976 seconds
  Import took 0.009655 seconds .

========================================================================
Received Prepare
Registering precompiled user dll's ...
Registered in 0.000598 seconds.
Begin MonoManager ReloadAssembly
Native extension for WindowsStandalone target not found
Refreshing native plugins compatible for Editor in 0.28 ms, found 0 plugins.
Preloading 0 native plugins for Editor in 0.00 ms.
Invoked RoslynAnalysisRunner static constructor.
RoslynAnalysisRunner will not be running.
RoslynAnalysisRunner has terminated.
Mono: successfully reloaded assembly
- Completed reload, in  0.592 seconds
Platform modules already initialized, skipping
Refreshing native plugins compatible for Editor in 0.28 ms, found 0 plugins.
Preloading 0 native plugins for Editor in 0.00 ms.
Unloading 1115 Unused Serialized files (Serialized files now loaded: 0)
System memory in use before: 78.4 MB.
System memory in use after: 78.5 MB.

Unloading 6 unused Assets to reduce memory usage. Loaded Objects now: 1726.
Total: 1.242453 ms (FindLiveObjects: 0.121661 ms CreateObjectMapping: 0.032427 ms MarkObjects: 1.041310 ms  DeleteObjects: 0.046324 ms)

========================================================================
Received Prepare
Registering precompiled user dll's ...
Registered in 0.000621 seconds.
Begin MonoManager ReloadAssembly
Native extension for WindowsStandalone target not found
Refreshing native plugins compatible for Editor in 0.28 ms, found 0 plugins.
Preloading 0 native plugins for Editor in 0.00 ms.
Invoked RoslynAnalysisRunner static constructor.
RoslynAnalysisRunner will not be running.
RoslynAnalysisRunner has terminated.
Mono: successfully reloaded assembly
- Completed reload, in  0.709 seconds
Platform modules already initialized, skipping
Refreshing native plugins compatible for Editor in 0.26 ms, found 0 plugins.
Preloading 0 native plugins for Editor in 0.00 ms.
Unloading 1115 Unused Serialized files (Serialized files now loaded: 0)
System memory in use before: 78.4 MB.
System memory in use after: 78.5 MB.

Unloading 5 unused Assets to reduce memory usage. Loaded Objects now: 1728.
Total: 1.394834 ms (FindLiveObjects: 0.133851 ms CreateObjectMapping: 0.035840 ms MarkObjects: 1.173455 ms  DeleteObjects: 0.050469 ms)

========================================================================
Received Prepare
Registering precompiled user dll's ...
Registered in 0.001575 seconds.
Begin MonoManager ReloadAssembly
Native extension for WindowsStandalone target not found
Refreshing native plugins compatible for Editor in 0.43 ms, found 0 plugins.
Preloading 0 native plugins for Editor in 0.00 ms.
Invoked RoslynAnalysisRunner static constructor.
RoslynAnalysisRunner will not be running.
RoslynAnalysisRunner has terminated.
Mono: successfully reloaded assembly
- Completed reload, in  0.825 seconds
Platform modules already initialized, skipping
Refreshing native plugins compatible for Editor in 0.36 ms, found 0 plugins.
Preloading 0 native plugins for Editor in 0.00 ms.
Unloading 1115 Unused Serialized files (Serialized files now loaded: 0)
System memory in use before: 78.2 MB.
System memory in use after: 78.3 MB.

Unloading 5 unused Assets to reduce memory usage. Loaded Objects now: 1730.
Total: 2.990323 ms (FindLiveObjects: 0.144335 ms CreateObjectMapping: 0.051931 ms MarkObjects: 2.714330 ms  DeleteObjects: 0.077044 ms)

========================================================================
Received Prepare
Registering precompiled user dll's ...
Registered in 0.000862 seconds.
Begin MonoManager ReloadAssembly
Native extension for WindowsStandalone target not found
Refreshing native plugins compatible for Editor in 0.27 ms, found 0 plugins.
Preloading 0 native plugins for Editor in 0.00 ms.
Invoked RoslynAnalysisRunner static constructor.
RoslynAnalysisRunner will not be running.
RoslynAnalysisRunner has terminated.
Mono: successfully reloaded assembly
- Completed reload, in  0.592 seconds
Platform modules already initialized, skipping
Refreshing native plugins compatible for Editor in 0.34 ms, found 0 plugins.
Preloading 0 native plugins for Editor in 0.00 ms.
Unloading 1115 Unused Serialized files (Serialized files now loaded: 0)
System memory in use before: 78.4 MB.
System memory in use after: 78.5 MB.

Unloading 5 unused Assets to reduce memory usage. Loaded Objects now: 1732.
Total: 1.447740 ms (FindLiveObjects: 0.137265 ms CreateObjectMapping: 0.035840 ms MarkObjects: 1.213927 ms  DeleteObjects: 0.059002 ms)

========================================================================
Received Prepare
Registering precompiled user dll's ...
Registered in 0.000609 seconds.
Begin MonoManager ReloadAssembly
Native extension for WindowsStandalone target not found
Refreshing native plugins compatible for Editor in 0.28 ms, found 0 plugins.
Preloading 0 native plugins for Editor in 0.00 ms.
Invoked RoslynAnalysisRunner static constructor.
RoslynAnalysisRunner will not be running.
RoslynAnalysisRunner has terminated.
Mono: successfully reloaded assembly
- Completed reload, in  0.670 seconds
Platform modules already initialized, skipping
Refreshing native plugins compatible for Editor in 0.26 ms, found 0 plugins.
Preloading 0 native plugins for Editor in 0.00 ms.
Unloading 1115 Unused Serialized files (Serialized files now loaded: 0)
System memory in use before: 78.4 MB.
System memory in use after: 78.5 MB.

Unloading 5 unused Assets to reduce memory usage. Loaded Objects now: 1734.
Total: 1.403611 ms (FindLiveObjects: 0.145554 ms CreateObjectMapping: 0.044861 ms MarkObjects: 1.165653 ms  DeleteObjects: 0.045836 ms)

========================================================================
Received Prepare
Registering precompiled user dll's ...
Registered in 0.000579 seconds.
Begin MonoManager ReloadAssembly
Native extension for WindowsStandalone target not found
Refreshing native plugins compatible for Editor in 0.28 ms, found 0 plugins.
Preloading 0 native plugins for Editor in 0.00 ms.
Invoked RoslynAnalysisRunner static constructor.
RoslynAnalysisRunner will not be running.
RoslynAnalysisRunner has terminated.
Mono: successfully reloaded assembly
- Completed reload, in  0.705 seconds
Platform modules already initialized, skipping
Refreshing native plugins compatible for Editor in 0.28 ms, found 0 plugins.
Preloading 0 native plugins for Editor in 0.00 ms.
Unloading 1115 Unused Serialized files (Serialized files now loaded: 0)
System memory in use before: 78.2 MB.
System memory in use after: 78.2 MB.

Unloading 5 unused Assets to reduce memory usage. Loaded Objects now: 1736.
Total: 1.882209 ms (FindLiveObjects: 0.214308 ms CreateObjectMapping: 0.069242 ms MarkObjects: 1.536731 ms  DeleteObjects: 0.060465 ms)

========================================================================
Received Prepare
Registering precompiled user dll's ...
Registered in 0.001241 seconds.
Begin MonoManager ReloadAssembly
Native extension for WindowsStandalone target not found
Refreshing native plugins compatible for Editor in 0.28 ms, found 0 plugins.
Preloading 0 native plugins for Editor in 0.00 ms.
Invoked RoslynAnalysisRunner static constructor.
RoslynAnalysisRunner will not be running.
RoslynAnalysisRunner has terminated.
Mono: successfully reloaded assembly
- Completed reload, in  0.739 seconds
Platform modules already initialized, skipping
Refreshing native plugins compatible for Editor in 0.48 ms, found 0 plugins.
Preloading 0 native plugins for Editor in 0.00 ms.
Unloading 1115 Unused Serialized files (Serialized files now loaded: 0)
System memory in use before: 78.5 MB.
System memory in use after: 78.5 MB.

Unloading 5 unused Assets to reduce memory usage. Loaded Objects now: 1738.
Total: 2.315214 ms (FindLiveObjects: 0.287451 ms CreateObjectMapping: 0.059490 ms MarkObjects: 1.897325 ms  DeleteObjects: 0.068510 ms)

========================================================================
Received Prepare
Registering precompiled user dll's ...
Registered in 0.000775 seconds.
Begin MonoManager ReloadAssembly
Native extension for WindowsStandalone target not found
Refreshing native plugins compatible for Editor in 0.39 ms, found 0 plugins.
Preloading 0 native plugins for Editor in 0.00 ms.
Invoked RoslynAnalysisRunner static constructor.
RoslynAnalysisRunner will not be running.
RoslynAnalysisRunner has terminated.
Mono: successfully reloaded assembly
- Completed reload, in  0.651 seconds
Platform modules already initialized, skipping
Refreshing native plugins compatible for Editor in 0.35 ms, found 0 plugins.
Preloading 0 native plugins for Editor in 0.00 ms.
Unloading 1115 Unused Serialized files (Serialized files now loaded: 0)
System memory in use before: 78.4 MB.
System memory in use after: 78.5 MB.

Unloading 5 unused Assets to reduce memory usage. Loaded Objects now: 1740.
Total: 1.607679 ms (FindLiveObjects: 0.140190 ms CreateObjectMapping: 0.038278 ms MarkObjects: 1.365089 ms  DeleteObjects: 0.063390 ms)

========================================================================
Received Prepare
Registering precompiled user dll's ...
Registered in 0.000632 seconds.
Begin MonoManager ReloadAssembly
Native extension for WindowsStandalone target not found
Refreshing native plugins compatible for Editor in 0.54 ms, found 0 plugins.
Preloading 0 native plugins for Editor in 0.00 ms.
Invoked RoslynAnalysisRunner static constructor.
RoslynAnalysisRunner will not be running.
RoslynAnalysisRunner has terminated.
Mono: successfully reloaded assembly
- Completed reload, in  0.688 seconds
Platform modules already initialized, skipping
Refreshing native plugins compatible for Editor in 0.53 ms, found 0 plugins.
Preloading 0 native plugins for Editor in 0.00 ms.
Unloading 1115 Unused Serialized files (Serialized files now loaded: 0)
System memory in use before: 78.5 MB.
System memory in use after: 78.5 MB.

Unloading 5 unused Assets to reduce memory usage. Loaded Objects now: 1742.
Total: 3.954101 ms (FindLiveObjects: 0.641219 ms CreateObjectMapping: 0.442270 ms MarkObjects: 2.739687 ms  DeleteObjects: 0.070217 ms)

========================================================================
Received Prepare
Registering precompiled user dll's ...
Registered in 0.000934 seconds.
Begin MonoManager ReloadAssembly
Native extension for WindowsStandalone target not found
Refreshing native plugins compatible for Editor in 0.45 ms, found 0 plugins.
Preloading 0 native plugins for Editor in 0.00 ms.
Invoked RoslynAnalysisRunner static constructor.
RoslynAnalysisRunner will not be running.
RoslynAnalysisRunner has terminated.
Mono: successfully reloaded assembly
- Completed reload, in  0.693 seconds
Platform modules already initialized, skipping
Refreshing native plugins compatible for Editor in 1.30 ms, found 0 plugins.
Preloading 0 native plugins for Editor in 0.00 ms.
Unloading 1115 Unused Serialized files (Serialized files now loaded: 0)
System memory in use before: 78.5 MB.
System memory in use after: 78.5 MB.

Unloading 5 unused Assets to reduce memory usage. Loaded Objects now: 1744.
Total: 2.097736 ms (FindLiveObjects: 0.196023 ms CreateObjectMapping: 0.048762 ms MarkObjects: 1.796876 ms  DeleteObjects: 0.055101 ms)

========================================================================
Received Prepare
Registering precompiled user dll's ...
Registered in 0.000674 seconds.
Begin MonoManager ReloadAssembly
Native extension for WindowsStandalone target not found
Refreshing native plugins compatible for Editor in 0.30 ms, found 0 plugins.
Preloading 0 native plugins for Editor in 0.00 ms.
Invoked RoslynAnalysisRunner static constructor.
RoslynAnalysisRunner will not be running.
RoslynAnalysisRunner has terminated.
Mono: successfully reloaded assembly
- Completed reload, in  0.644 seconds
Platform modules already initialized, skipping
Refreshing native plugins compatible for Editor in 0.31 ms, found 0 plugins.
Preloading 0 native plugins for Editor in 0.00 ms.
Unloading 1115 Unused Serialized files (Serialized files now loaded: 0)
System memory in use before: 78.3 MB.
System memory in use after: 78.4 MB.

Unloading 5 unused Assets to reduce memory usage. Loaded Objects now: 1746.
Total: 1.462613 ms (FindLiveObjects: 0.127512 ms CreateObjectMapping: 0.034865 ms MarkObjects: 1.247817 ms  DeleteObjects: 0.050712 ms)

========================================================================
Received Prepare
Registering precompiled user dll's ...
Registered in 0.000857 seconds.
Begin MonoManager ReloadAssembly
Native extension for WindowsStandalone target not found
Refreshing native plugins compatible for Editor in 0.40 ms, found 0 plugins.
Preloading 0 native plugins for Editor in 0.00 ms.
Invoked RoslynAnalysisRunner static constructor.
RoslynAnalysisRunner will not be running.
RoslynAnalysisRunner has terminated.
Mono: successfully reloaded assembly
- Completed reload, in  0.741 seconds
Platform modules already initialized, skipping
Refreshing native plugins compatible for Editor in 0.30 ms, found 0 plugins.
Preloading 0 native plugins for Editor in 0.00 ms.
Unloading 1115 Unused Serialized files (Serialized files now loaded: 0)
System memory in use before: 78.5 MB.
System memory in use after: 78.5 MB.

Unloading 5 unused Assets to reduce memory usage. Loaded Objects now: 1748.
Total: 1.706666 ms (FindLiveObjects: 0.251124 ms CreateObjectMapping: 0.062171 ms MarkObjects: 1.337782 ms  DeleteObjects: 0.053882 ms)

========================================================================
Received Prepare
Registering precompiled user dll's ...
Registered in 0.000614 seconds.
Begin MonoManager ReloadAssembly
Native extension for WindowsStandalone target not found
Refreshing native plugins compatible for Editor in 0.37 ms, found 0 plugins.
Preloading 0 native plugins for Editor in 0.00 ms.
Invoked RoslynAnalysisRunner static constructor.
RoslynAnalysisRunner will not be running.
RoslynAnalysisRunner has terminated.
Mono: successfully reloaded assembly
- Completed reload, in  0.704 seconds
Platform modules already initialized, skipping
Refreshing native plugins compatible for Editor in 0.45 ms, found 0 plugins.
Preloading 0 native plugins for Editor in 0.00 ms.
Unloading 1115 Unused Serialized files (Serialized files now loaded: 0)
System memory in use before: 78.5 MB.
System memory in use after: 78.5 MB.

Unloading 5 unused Assets to reduce memory usage. Loaded Objects now: 1750.
Total: 2.043611 ms (FindLiveObjects: 0.238933 ms CreateObjectMapping: 0.057295 ms MarkObjects: 1.661561 ms  DeleteObjects: 0.083627 ms)

========================================================================
Received Prepare
Registering precompiled user dll's ...
Registered in 0.000813 seconds.
Begin MonoManager ReloadAssembly
Native extension for WindowsStandalone target not found
Refreshing native plugins compatible for Editor in 0.27 ms, found 0 plugins.
Preloading 0 native plugins for Editor in 0.00 ms.
Invoked RoslynAnalysisRunner static constructor.
RoslynAnalysisRunner will not be running.
RoslynAnalysisRunner has terminated.
Mono: successfully reloaded assembly
- Completed reload, in  0.653 seconds
Platform modules already initialized, skipping
Refreshing native plugins compatible for Editor in 0.31 ms, found 0 plugins.
Preloading 0 native plugins for Editor in 0.00 ms.
Unloading 1115 Unused Serialized files (Serialized files now loaded: 0)
System memory in use before: 78.2 MB.
System memory in use after: 78.3 MB.

Unloading 5 unused Assets to reduce memory usage. Loaded Objects now: 1752.
Total: 1.901470 ms (FindLiveObjects: 0.234788 ms CreateObjectMapping: 0.091916 ms MarkObjects: 1.520639 ms  DeleteObjects: 0.051931 ms)

========================================================================
Received Prepare
Registering precompiled user dll's ...
Registered in 0.000620 seconds.
Begin MonoManager ReloadAssembly
Native extension for WindowsStandalone target not found
Refreshing native plugins compatible for Editor in 0.44 ms, found 0 plugins.
Preloading 0 native plugins for Editor in 0.00 ms.
Invoked RoslynAnalysisRunner static constructor.
RoslynAnalysisRunner will not be running.
RoslynAnalysisRunner has terminated.
Mono: successfully reloaded assembly
- Completed reload, in  0.687 seconds
Platform modules already initialized, skipping
Refreshing native plugins compatible for Editor in 0.37 ms, found 0 plugins.
Preloading 0 native plugins for Editor in 0.00 ms.
Unloading 1115 Unused Serialized files (Serialized files now loaded: 0)
System memory in use before: 78.5 MB.
System memory in use after: 78.5 MB.

Unloading 5 unused Assets to reduce memory usage. Loaded Objects now: 1754.
Total: 1.405074 ms (FindLiveObjects: 0.179200 ms CreateObjectMapping: 0.104350 ms MarkObjects: 1.074956 ms  DeleteObjects: 0.045349 ms)

========================================================================
Received Prepare
Registering precompiled user dll's ...
Registered in 0.000696 seconds.
Begin MonoManager ReloadAssembly
Native extension for WindowsStandalone target not found
Refreshing native plugins compatible for Editor in 0.29 ms, found 0 plugins.
Preloading 0 native plugins for Editor in 0.00 ms.
Invoked RoslynAnalysisRunner static constructor.
RoslynAnalysisRunner will not be running.
RoslynAnalysisRunner has terminated.
Mono: successfully reloaded assembly
- Completed reload, in  0.887 seconds
Platform modules already initialized, skipping
Refreshing native plugins compatible for Editor in 0.30 ms, found 0 plugins.
Preloading 0 native plugins for Editor in 0.00 ms.
Unloading 1115 Unused Serialized files (Serialized files now loaded: 0)
System memory in use before: 78.5 MB.
System memory in use after: 78.5 MB.

Unloading 5 unused Assets to reduce memory usage. Loaded Objects now: 1756.
Total: 3.427717 ms (FindLiveObjects: 0.204556 ms CreateObjectMapping: 0.069486 ms MarkObjects: 3.072486 ms  DeleteObjects: 0.078994 ms)

========================================================================
Received Prepare
Registering precompiled user dll's ...
Registered in 0.000811 seconds.
Begin MonoManager ReloadAssembly
Native extension for WindowsStandalone target not found
Refreshing native plugins compatible for Editor in 0.39 ms, found 0 plugins.
Preloading 0 native plugins for Editor in 0.00 ms.
Invoked RoslynAnalysisRunner static constructor.
RoslynAnalysisRunner will not be running.
RoslynAnalysisRunner has terminated.
Mono: successfully reloaded assembly
- Completed reload, in  0.820 seconds
Platform modules already initialized, skipping
Refreshing native plugins compatible for Editor in 0.30 ms, found 0 plugins.
Preloading 0 native plugins for Editor in 0.00 ms.
Unloading 1115 Unused Serialized files (Serialized files now loaded: 0)
System memory in use before: 78.2 MB.
System memory in use after: 78.2 MB.

Unloading 5 unused Assets to reduce memory usage. Loaded Objects now: 1758.
Total: 1.710567 ms (FindLiveObjects: 0.170423 ms CreateObjectMapping: 0.041935 ms MarkObjects: 1.437013 ms  DeleteObjects: 0.059246 ms)

========================================================================
Received Prepare
Registering precompiled user dll's ...
Registered in 0.000634 seconds.
Begin MonoManager ReloadAssembly
Native extension for WindowsStandalone target not found
Refreshing native plugins compatible for Editor in 0.61 ms, found 0 plugins.
Preloading 0 native plugins for Editor in 0.00 ms.
Invoked RoslynAnalysisRunner static constructor.
RoslynAnalysisRunner will not be running.
RoslynAnalysisRunner has terminated.
Mono: successfully reloaded assembly
- Completed reload, in  0.806 seconds
Platform modules already initialized, skipping
Refreshing native plugins compatible for Editor in 0.35 ms, found 0 plugins.
Preloading 0 native plugins for Editor in 0.00 ms.
Unloading 1115 Unused Serialized files (Serialized files now loaded: 0)
System memory in use before: 78.5 MB.
System memory in use after: 78.6 MB.

Unloading 5 unused Assets to reduce memory usage. Loaded Objects now: 1760.
Total: 2.303999 ms (FindLiveObjects: 0.291352 ms CreateObjectMapping: 0.094598 ms MarkObjects: 1.848563 ms  DeleteObjects: 0.067291 ms)

========================================================================
Received Prepare
Registering precompiled user dll's ...
Registered in 0.000724 seconds.
Begin MonoManager ReloadAssembly
Native extension for WindowsStandalone target not found
Refreshing native plugins compatible for Editor in 0.58 ms, found 0 plugins.
Preloading 0 native plugins for Editor in 0.00 ms.
Invoked RoslynAnalysisRunner static constructor.
RoslynAnalysisRunner will not be running.
RoslynAnalysisRunner has terminated.
Mono: successfully reloaded assembly
- Completed reload, in  0.984 seconds
Platform modules already initialized, skipping
Refreshing native plugins compatible for Editor in 0.31 ms, found 0 plugins.
Preloading 0 native plugins for Editor in 0.00 ms.
Unloading 1115 Unused Serialized files (Serialized files now loaded: 0)
System memory in use before: 78.4 MB.
System memory in use after: 78.5 MB.

Unloading 5 unused Assets to reduce memory usage. Loaded Objects now: 1762.
Total: 4.505598 ms (FindLiveObjects: 0.263070 ms CreateObjectMapping: 0.083627 ms MarkObjects: 3.939473 ms  DeleteObjects: 0.217234 ms)

========================================================================
Received Prepare
Registering precompiled user dll's ...
Registered in 0.001615 seconds.
Begin MonoManager ReloadAssembly
Native extension for WindowsStandalone target not found
Refreshing native plugins compatible for Editor in 0.27 ms, found 0 plugins.
Preloading 0 native plugins for Editor in 0.00 ms.
Invoked RoslynAnalysisRunner static constructor.
RoslynAnalysisRunner will not be running.
RoslynAnalysisRunner has terminated.
Mono: successfully reloaded assembly
- Completed reload, in  0.643 seconds
Platform modules already initialized, skipping
Refreshing native plugins compatible for Editor in 0.26 ms, found 0 plugins.
Preloading 0 native plugins for Editor in 0.00 ms.
Unloading 1115 Unused Serialized files (Serialized files now loaded: 0)
System memory in use before: 78.5 MB.
System memory in use after: 78.6 MB.

Unloading 5 unused Assets to reduce memory usage. Loaded Objects now: 1764.
Total: 1.907321 ms (FindLiveObjects: 0.214552 ms CreateObjectMapping: 0.066316 ms MarkObjects: 1.545752 ms  DeleteObjects: 0.079238 ms)

========================================================================
Received Prepare
Registering precompiled user dll's ...
Registered in 0.000609 seconds.
Begin MonoManager ReloadAssembly
Native extension for WindowsStandalone target not found
Refreshing native plugins compatible for Editor in 0.32 ms, found 0 plugins.
Preloading 0 native plugins for Editor in 0.00 ms.
Invoked RoslynAnalysisRunner static constructor.
RoslynAnalysisRunner will not be running.
RoslynAnalysisRunner has terminated.
Mono: successfully reloaded assembly
- Completed reload, in  0.690 seconds
Platform modules already initialized, skipping
Refreshing native plugins compatible for Editor in 0.46 ms, found 0 plugins.
Preloading 0 native plugins for Editor in 0.00 ms.
Unloading 1115 Unused Serialized files (Serialized files now loaded: 0)
System memory in use before: 78.5 MB.
System memory in use after: 78.6 MB.

Unloading 5 unused Assets to reduce memory usage. Loaded Objects now: 1766.
Total: 1.844906 ms (FindLiveObjects: 0.137752 ms CreateObjectMapping: 0.038522 ms MarkObjects: 1.556479 ms  DeleteObjects: 0.110689 ms)

========================================================================
Received Prepare
Registering precompiled user dll's ...
Registered in 0.000654 seconds.
Begin MonoManager ReloadAssembly
Native extension for WindowsStandalone target not found
Refreshing native plugins compatible for Editor in 0.28 ms, found 0 plugins.
Preloading 0 native plugins for Editor in 0.00 ms.
Invoked RoslynAnalysisRunner static constructor.
RoslynAnalysisRunner will not be running.
RoslynAnalysisRunner has terminated.
Mono: successfully reloaded assembly
- Completed reload, in  0.742 seconds
Platform modules already initialized, skipping
Refreshing native plugins compatible for Editor in 0.26 ms, found 0 plugins.
Preloading 0 native plugins for Editor in 0.00 ms.
Unloading 1115 Unused Serialized files (Serialized files now loaded: 0)
System memory in use before: 78.3 MB.
System memory in use after: 78.4 MB.

Unloading 5 unused Assets to reduce memory usage. Loaded Objects now: 1768.
Total: 2.260601 ms (FindLiveObjects: 0.174080 ms CreateObjectMapping: 0.050712 ms MarkObjects: 1.971443 ms  DeleteObjects: 0.062903 ms)

========================================================================
Received Prepare
Registering precompiled user dll's ...
Registered in 0.000775 seconds.
Begin MonoManager ReloadAssembly
Native extension for WindowsStandalone target not found
Refreshing native plugins compatible for Editor in 0.27 ms, found 0 plugins.
Preloading 0 native plugins for Editor in 0.00 ms.
Invoked RoslynAnalysisRunner static constructor.
RoslynAnalysisRunner will not be running.
RoslynAnalysisRunner has terminated.
Mono: successfully reloaded assembly
- Completed reload, in  0.609 seconds
Platform modules already initialized, skipping
Refreshing native plugins compatible for Editor in 0.26 ms, found 0 plugins.
Preloading 0 native plugins for Editor in 0.00 ms.
Unloading 1115 Unused Serialized files (Serialized files now loaded: 0)
System memory in use before: 78.5 MB.
System memory in use after: 78.6 MB.

Unloading 5 unused Assets to reduce memory usage. Loaded Objects now: 1770.
Total: 1.294872 ms (FindLiveObjects: 0.137752 ms CreateObjectMapping: 0.040229 ms MarkObjects: 1.072518 ms  DeleteObjects: 0.043642 ms)

========================================================================
Received Prepare
Registering precompiled user dll's ...
Registered in 0.000615 seconds.
Begin MonoManager ReloadAssembly
Native extension for WindowsStandalone target not found
Refreshing native plugins compatible for Editor in 0.28 ms, found 0 plugins.
Preloading 0 native plugins for Editor in 0.00 ms.
Invoked RoslynAnalysisRunner static constructor.
RoslynAnalysisRunner will not be running.
RoslynAnalysisRunner has terminated.
Mono: successfully reloaded assembly
- Completed reload, in  0.748 seconds
Platform modules already initialized, skipping
Refreshing native plugins compatible for Editor in 0.29 ms, found 0 plugins.
Preloading 0 native plugins for Editor in 0.00 ms.
Unloading 1115 Unused Serialized files (Serialized files now loaded: 0)
System memory in use before: 78.5 MB.
System memory in use after: 78.6 MB.

Unloading 5 unused Assets to reduce memory usage. Loaded Objects now: 1772.
Total: 1.659367 ms (FindLiveObjects: 0.163596 ms CreateObjectMapping: 0.036084 ms MarkObjects: 1.397516 ms  DeleteObjects: 0.060221 ms)

========================================================================
Received Prepare
Registering precompiled user dll's ...
Registered in 0.001015 seconds.
Begin MonoManager ReloadAssembly
Native extension for WindowsStandalone target not found
Refreshing native plugins compatible for Editor in 0.27 ms, found 0 plugins.
Preloading 0 native plugins for Editor in 0.00 ms.
Invoked RoslynAnalysisRunner static constructor.
RoslynAnalysisRunner will not be running.
RoslynAnalysisRunner has terminated.
Mono: successfully reloaded assembly
- Completed reload, in  0.778 seconds
Platform modules already initialized, skipping
Refreshing native plugins compatible for Editor in 0.27 ms, found 0 plugins.
Preloading 0 native plugins for Editor in 0.00 ms.
Unloading 1115 Unused Serialized files (Serialized files now loaded: 0)
System memory in use before: 78.2 MB.
System memory in use after: 78.3 MB.

Unloading 5 unused Assets to reduce memory usage. Loaded Objects now: 1774.
Total: 1.797607 ms (FindLiveObjects: 0.308175 ms CreateObjectMapping: 0.060221 ms MarkObjects: 1.373866 ms  DeleteObjects: 0.053150 ms)

========================================================================
Received Prepare
Registering precompiled user dll's ...
Registered in 0.000641 seconds.
Begin MonoManager ReloadAssembly
Native extension for WindowsStandalone target not found
Refreshing native plugins compatible for Editor in 0.91 ms, found 0 plugins.
Preloading 0 native plugins for Editor in 0.00 ms.
Invoked RoslynAnalysisRunner static constructor.
RoslynAnalysisRunner will not be running.
RoslynAnalysisRunner has terminated.
Mono: successfully reloaded assembly
- Completed reload, in  0.857 seconds
Platform modules already initialized, skipping
Refreshing native plugins compatible for Editor in 0.29 ms, found 0 plugins.
Preloading 0 native plugins for Editor in 0.00 ms.
Unloading 1115 Unused Serialized files (Serialized files now loaded: 0)
System memory in use before: 78.5 MB.
System memory in use after: 78.6 MB.

Unloading 5 unused Assets to reduce memory usage. Loaded Objects now: 1776.
Total: 2.158445 ms (FindLiveObjects: 0.206019 ms CreateObjectMapping: 0.068267 ms MarkObjects: 1.817843 ms  DeleteObjects: 0.064122 ms)

========================================================================
Received Prepare
Registering precompiled user dll's ...
Registered in 0.000915 seconds.
Begin MonoManager ReloadAssembly
Native extension for WindowsStandalone target not found
Refreshing native plugins compatible for Editor in 0.54 ms, found 0 plugins.
Preloading 0 native plugins for Editor in 0.00 ms.
Invoked RoslynAnalysisRunner static constructor.
RoslynAnalysisRunner will not be running.
RoslynAnalysisRunner has terminated.
Mono: successfully reloaded assembly
- Completed reload, in  0.759 seconds
Platform modules already initialized, skipping
Refreshing native plugins compatible for Editor in 0.43 ms, found 0 plugins.
Preloading 0 native plugins for Editor in 0.00 ms.
Unloading 1115 Unused Serialized files (Serialized files now loaded: 0)
System memory in use before: 78.5 MB.
System memory in use after: 78.6 MB.

Unloading 5 unused Assets to reduce memory usage. Loaded Objects now: 1778.
Total: 1.579641 ms (FindLiveObjects: 0.172617 ms CreateObjectMapping: 0.045349 ms MarkObjects: 1.305112 ms  DeleteObjects: 0.054857 ms)

========================================================================
Received Prepare
Registering precompiled user dll's ...
Registered in 0.001014 seconds.
Begin MonoManager ReloadAssembly
Native extension for WindowsStandalone target not found
Refreshing native plugins compatible for Editor in 0.35 ms, found 0 plugins.
Preloading 0 native plugins for Editor in 0.00 ms.
Invoked RoslynAnalysisRunner static constructor.
RoslynAnalysisRunner will not be running.
RoslynAnalysisRunner has terminated.
Mono: successfully reloaded assembly
- Completed reload, in  0.712 seconds
Platform modules already initialized, skipping
Refreshing native plugins compatible for Editor in 0.26 ms, found 0 plugins.
Preloading 0 native plugins for Editor in 0.00 ms.
Unloading 1115 Unused Serialized files (Serialized files now loaded: 0)
System memory in use before: 78.5 MB.
System memory in use after: 78.6 MB.

Unloading 5 unused Assets to reduce memory usage. Loaded Objects now: 1780.
Total: 1.422872 ms (FindLiveObjects: 0.142385 ms CreateObjectMapping: 0.040960 ms MarkObjects: 1.189546 ms  DeleteObjects: 0.048762 ms)

========================================================================
Received Prepare
Registering precompiled user dll's ...
Registered in 0.000965 seconds.
Begin MonoManager ReloadAssembly
Native extension for WindowsStandalone target not found
Refreshing native plugins compatible for Editor in 0.36 ms, found 0 plugins.
Preloading 0 native plugins for Editor in 0.00 ms.
Invoked RoslynAnalysisRunner static constructor.
RoslynAnalysisRunner will not be running.
RoslynAnalysisRunner has terminated.
Mono: successfully reloaded assembly
- Completed reload, in  0.765 seconds
Platform modules already initialized, skipping
Refreshing native plugins compatible for Editor in 0.26 ms, found 0 plugins.
Preloading 0 native plugins for Editor in 0.00 ms.
Unloading 1115 Unused Serialized files (Serialized files now loaded: 0)
System memory in use before: 78.5 MB.
System memory in use after: 78.6 MB.

Unloading 5 unused Assets to reduce memory usage. Loaded Objects now: 1782.
Total: 1.568914 ms (FindLiveObjects: 0.218697 ms CreateObjectMapping: 0.048762 ms MarkObjects: 1.250986 ms  DeleteObjects: 0.049493 ms)

========================================================================
Received Prepare
Registering precompiled user dll's ...
Registered in 0.000783 seconds.
Begin MonoManager ReloadAssembly
Native extension for WindowsStandalone target not found
Refreshing native plugins compatible for Editor in 0.27 ms, found 0 plugins.
Preloading 0 native plugins for Editor in 0.00 ms.
Invoked RoslynAnalysisRunner static constructor.
RoslynAnalysisRunner will not be running.
RoslynAnalysisRunner has terminated.
Mono: successfully reloaded assembly
- Completed reload, in  0.627 seconds
Platform modules already initialized, skipping
Refreshing native plugins compatible for Editor in 0.28 ms, found 0 plugins.
Preloading 0 native plugins for Editor in 0.00 ms.
Unloading 1115 Unused Serialized files (Serialized files now loaded: 0)
System memory in use before: 78.4 MB.
System memory in use after: 78.5 MB.

Unloading 5 unused Assets to reduce memory usage. Loaded Objects now: 1784.
Total: 1.557455 ms (FindLiveObjects: 0.171642 ms CreateObjectMapping: 0.039985 ms MarkObjects: 1.294384 ms  DeleteObjects: 0.050469 ms)

========================================================================
Received Prepare
Registering precompiled user dll's ...
Registered in 0.000607 seconds.
Begin MonoManager ReloadAssembly
Native extension for WindowsStandalone target not found
Refreshing native plugins compatible for Editor in 0.28 ms, found 0 plugins.
Preloading 0 native plugins for Editor in 0.00 ms.
Invoked RoslynAnalysisRunner static constructor.
RoslynAnalysisRunner will not be running.
RoslynAnalysisRunner has terminated.
Mono: successfully reloaded assembly
- Completed reload, in  0.757 seconds
Platform modules already initialized, skipping
Refreshing native plugins compatible for Editor in 0.47 ms, found 0 plugins.
Preloading 0 native plugins for Editor in 0.00 ms.
Unloading 1115 Unused Serialized files (Serialized files now loaded: 0)
System memory in use before: 78.5 MB.
System memory in use after: 78.6 MB.

Unloading 5 unused Assets to reduce memory usage. Loaded Objects now: 1786.
Total: 2.331306 ms (FindLiveObjects: 0.216503 ms CreateObjectMapping: 0.082651 ms MarkObjects: 1.972906 ms  DeleteObjects: 0.055832 ms)

========================================================================
Received Prepare
Registering precompiled user dll's ...
Registered in 0.000905 seconds.
Begin MonoManager ReloadAssembly
Native extension for WindowsStandalone target not found
Refreshing native plugins compatible for Editor in 0.29 ms, found 0 plugins.
Preloading 0 native plugins for Editor in 0.00 ms.
Invoked RoslynAnalysisRunner static constructor.
RoslynAnalysisRunner will not be running.
RoslynAnalysisRunner has terminated.
Mono: successfully reloaded assembly
- Completed reload, in  0.725 seconds
Platform modules already initialized, skipping
Refreshing native plugins compatible for Editor in 0.31 ms, found 0 plugins.
Preloading 0 native plugins for Editor in 0.00 ms.
Unloading 1115 Unused Serialized files (Serialized files now loaded: 0)
System memory in use before: 78.6 MB.
System memory in use after: 78.6 MB.

Unloading 5 unused Assets to reduce memory usage. Loaded Objects now: 1788.
Total: 1.600609 ms (FindLiveObjects: 0.178469 ms CreateObjectMapping: 0.054370 ms MarkObjects: 1.310476 ms  DeleteObjects: 0.055589 ms)

========================================================================
Received Prepare
Registering precompiled user dll's ...
Registered in 0.001157 seconds.
Begin MonoManager ReloadAssembly
Native extension for WindowsStandalone target not found
Refreshing native plugins compatible for Editor in 0.27 ms, found 0 plugins.
Preloading 0 native plugins for Editor in 0.00 ms.
Invoked RoslynAnalysisRunner static constructor.
RoslynAnalysisRunner will not be running.
RoslynAnalysisRunner has terminated.
Mono: successfully reloaded assembly
- Completed reload, in  0.870 seconds
Platform modules already initialized, skipping
Refreshing native plugins compatible for Editor in 0.43 ms, found 0 plugins.
Preloading 0 native plugins for Editor in 0.00 ms.
Unloading 1115 Unused Serialized files (Serialized files now loaded: 0)
System memory in use before: 78.3 MB.
System memory in use after: 78.4 MB.

Unloading 5 unused Assets to reduce memory usage. Loaded Objects now: 1790.
Total: 2.287176 ms (FindLiveObjects: 0.134827 ms CreateObjectMapping: 0.037059 ms MarkObjects: 2.042392 ms  DeleteObjects: 0.070705 ms)

========================================================================
Received Prepare
Registering precompiled user dll's ...
Registered in 0.000761 seconds.
Begin MonoManager ReloadAssembly
Native extension for WindowsStandalone target not found
Refreshing native plugins compatible for Editor in 0.53 ms, found 0 plugins.
Preloading 0 native plugins for Editor in 0.00 ms.
Invoked RoslynAnalysisRunner static constructor.
RoslynAnalysisRunner will not be running.
RoslynAnalysisRunner has terminated.
Mono: successfully reloaded assembly
- Completed reload, in  0.752 seconds
Platform modules already initialized, skipping
Refreshing native plugins compatible for Editor in 0.31 ms, found 0 plugins.
Preloading 0 native plugins for Editor in 0.00 ms.
Unloading 1115 Unused Serialized files (Serialized files now loaded: 0)
System memory in use before: 78.6 MB.
System memory in use after: 78.6 MB.

Unloading 5 unused Assets to reduce memory usage. Loaded Objects now: 1792.
Total: 2.030933 ms (FindLiveObjects: 0.255512 ms CreateObjectMapping: 0.092160 ms MarkObjects: 1.623283 ms  DeleteObjects: 0.057783 ms)

========================================================================
Received Import Request.
  Time since last request: 5540.147975 seconds.
  path: Assets/ModularRPGHeroesPBR/Animations/SwordShield/NormalAttack02_SwordShield.fbx
  artifactKey: Guid(dfbba31277e926e44b3def7cde351a13) Importer(815301076,1909f56bfc062723c751e8b465ee728b)
Start importing Assets/ModularRPGHeroesPBR/Animations/SwordShield/NormalAttack02_SwordShield.fbx using Guid(dfbba31277e926e44b3def7cde351a13) Importer(815301076,1909f56bfc062723c751e8b465ee728b)  -> (artifact id: 'b1f7bff021d6903d90f7f47a5acfaf78') in 0.186629 seconds
  Import took 0.190286 seconds .

========================================================================
Received Prepare
Registering precompiled user dll's ...
Registered in 0.001047 seconds.
Begin MonoManager ReloadAssembly
Native extension for WindowsStandalone target not found
Refreshing native plugins compatible for Editor in 0.29 ms, found 0 plugins.
Preloading 0 native plugins for Editor in 0.00 ms.
Invoked RoslynAnalysisRunner static constructor.
RoslynAnalysisRunner will not be running.
RoslynAnalysisRunner has terminated.
Mono: successfully reloaded assembly
- Completed reload, in  0.854 seconds
Platform modules already initialized, skipping
Refreshing native plugins compatible for Editor in 0.38 ms, found 0 plugins.
Preloading 0 native plugins for Editor in 0.00 ms.
Unloading 1115 Unused Serialized files (Serialized files now loaded: 0)
System memory in use before: 78.6 MB.
System memory in use after: 78.7 MB.

Unloading 6 unused Assets to reduce memory usage. Loaded Objects now: 1795.
Total: 1.599390 ms (FindLiveObjects: 0.212114 ms CreateObjectMapping: 0.058027 ms MarkObjects: 1.270979 ms  DeleteObjects: 0.056808 ms)

========================================================================
Received Import Request.
  Time since last request: 1265.374778 seconds.
  path: Assets/ModularRPGHeroesPBR/Animations/SwordShield/Roll_SwordShield.fbx
  artifactKey: Guid(63053acb985c06f46867adffec75fe6a) Importer(815301076,1909f56bfc062723c751e8b465ee728b)
Start importing Assets/ModularRPGHeroesPBR/Animations/SwordShield/Roll_SwordShield.fbx using Guid(63053acb985c06f46867adffec75fe6a) Importer(815301076,1909f56bfc062723c751e8b465ee728b)  -> (artifact id: '86cf6195e1315b6122c04bac449eda0f') in 0.111990 seconds
  Import took 0.114789 seconds .

========================================================================
Received Import Request.
  Time since last request: 25.931627 seconds.
  path: Assets/ModularRPGHeroesPBR/Animations/SwordShield/Roll_SwordShield.fbx
  artifactKey: Guid(63053acb985c06f46867adffec75fe6a) Importer(815301076,1909f56bfc062723c751e8b465ee728b)
Start importing Assets/ModularRPGHeroesPBR/Animations/SwordShield/Roll_SwordShield.fbx using Guid(63053acb985c06f46867adffec75fe6a) Importer(815301076,1909f56bfc062723c751e8b465ee728b)  -> (artifact id: '36876a3f747a15a0c724f0898f1d64bb') in 0.079998 seconds
  Import took 0.082830 seconds .

========================================================================
Received Prepare
Registering precompiled user dll's ...
Registered in 0.001023 seconds.
Begin MonoManager ReloadAssembly
Native extension for WindowsStandalone target not found
Refreshing native plugins compatible for Editor in 0.39 ms, found 0 plugins.
Preloading 0 native plugins for Editor in 0.00 ms.
Invoked RoslynAnalysisRunner static constructor.
RoslynAnalysisRunner will not be running.
RoslynAnalysisRunner has terminated.
Mono: successfully reloaded assembly
- Completed reload, in  0.820 seconds
Platform modules already initialized, skipping
Refreshing native plugins compatible for Editor in 0.61 ms, found 0 plugins.
Preloading 0 native plugins for Editor in 0.00 ms.
Unloading 1115 Unused Serialized files (Serialized files now loaded: 0)
System memory in use before: 78.3 MB.
System memory in use after: 78.4 MB.

Unloading 6 unused Assets to reduce memory usage. Loaded Objects now: 1798.
Total: 2.102856 ms (FindLiveObjects: 0.274773 ms CreateObjectMapping: 0.084846 ms MarkObjects: 1.683748 ms  DeleteObjects: 0.057539 ms)

========================================================================
Received Import Request.
  Time since last request: 87.373901 seconds.
  path: Assets/ModularRPGHeroesPBR/Animations/SwordShield/Roll_SwordShield.fbx
  artifactKey: Guid(63053acb985c06f46867adffec75fe6a) Importer(815301076,1909f56bfc062723c751e8b465ee728b)
Start importing Assets/ModularRPGHeroesPBR/Animations/SwordShield/Roll_SwordShield.fbx using Guid(63053acb985c06f46867adffec75fe6a) Importer(815301076,1909f56bfc062723c751e8b465ee728b)  -> (artifact id: '3c31ed3fca1a86072762c85e8a416bde') in 0.144384 seconds
  Import took 0.147234 seconds .

========================================================================
Received Prepare
Registering precompiled user dll's ...
Registered in 0.000924 seconds.
Begin MonoManager ReloadAssembly
Native extension for WindowsStandalone target not found
Refreshing native plugins compatible for Editor in 0.27 ms, found 0 plugins.
Preloading 0 native plugins for Editor in 0.00 ms.
Invoked RoslynAnalysisRunner static constructor.
RoslynAnalysisRunner will not be running.
RoslynAnalysisRunner has terminated.
Mono: successfully reloaded assembly
- Completed reload, in  0.727 seconds
Platform modules already initialized, skipping
Refreshing native plugins compatible for Editor in 0.28 ms, found 0 plugins.
Preloading 0 native plugins for Editor in 0.00 ms.
Unloading 1115 Unused Serialized files (Serialized files now loaded: 0)
System memory in use before: 78.7 MB.
System memory in use after: 78.7 MB.

Unloading 6 unused Assets to reduce memory usage. Loaded Objects now: 1801.
Total: 1.539657 ms (FindLiveObjects: 0.183589 ms CreateObjectMapping: 0.039985 ms MarkObjects: 1.263908 ms  DeleteObjects: 0.050956 ms)

========================================================================
Received Prepare
Registering precompiled user dll's ...
Registered in 0.001101 seconds.
Begin MonoManager ReloadAssembly
Native extension for WindowsStandalone target not found
Refreshing native plugins compatible for Editor in 0.53 ms, found 0 plugins.
Preloading 0 native plugins for Editor in 0.00 ms.
Invoked RoslynAnalysisRunner static constructor.
RoslynAnalysisRunner will not be running.
RoslynAnalysisRunner has terminated.
Mono: successfully reloaded assembly
- Completed reload, in  0.827 seconds
Platform modules already initialized, skipping
Refreshing native plugins compatible for Editor in 0.42 ms, found 0 plugins.
Preloading 0 native plugins for Editor in 0.00 ms.
Unloading 1115 Unused Serialized files (Serialized files now loaded: 0)
System memory in use before: 78.7 MB.
System memory in use after: 78.7 MB.

Unloading 5 unused Assets to reduce memory usage. Loaded Objects now: 1803.
Total: 2.272060 ms (FindLiveObjects: 0.292328 ms CreateObjectMapping: 0.083870 ms MarkObjects: 1.816868 ms  DeleteObjects: 0.077531 ms)

========================================================================
Received Prepare
Registering precompiled user dll's ...
Registered in 0.000834 seconds.
Begin MonoManager ReloadAssembly
Native extension for WindowsStandalone target not found
Refreshing native plugins compatible for Editor in 0.31 ms, found 0 plugins.
Preloading 0 native plugins for Editor in 0.00 ms.
Invoked RoslynAnalysisRunner static constructor.
RoslynAnalysisRunner will not be running.
RoslynAnalysisRunner has terminated.
Mono: successfully reloaded assembly
- Completed reload, in  0.817 seconds
Platform modules already initialized, skipping
Refreshing native plugins compatible for Editor in 0.43 ms, found 0 plugins.
Preloading 0 native plugins for Editor in 0.00 ms.
Unloading 1115 Unused Serialized files (Serialized files now loaded: 0)
System memory in use before: 78.8 MB.
System memory in use after: 78.9 MB.

Unloading 5 unused Assets to reduce memory usage. Loaded Objects now: 1805.
Total: 1.833691 ms (FindLiveObjects: 0.150674 ms CreateObjectMapping: 0.041204 ms MarkObjects: 1.558186 ms  DeleteObjects: 0.082164 ms)

========================================================================
Received Import Request.
  Time since last request: 703.074129 seconds.
  path: Assets/ModularRPGHeroesPBR/SRP/PBR_LW.zip
  artifactKey: Guid(d375689b14e12ba45a4209b165f591e4) Importer(815301076,1909f56bfc062723c751e8b465ee728b)
Start importing Assets/ModularRPGHeroesPBR/SRP/PBR_LW.zip using Guid(d375689b14e12ba45a4209b165f591e4) Importer(815301076,1909f56bfc062723c751e8b465ee728b)  -> (artifact id: 'ee52ee2bd78c3c693b470c6b9d7ab1c3') in 0.023229 seconds
  Import took 0.025655 seconds .

========================================================================
Received Import Request.
  Time since last request: 0.622876 seconds.
  path: Assets/ModularRPGHeroesPBR/SRP/PBR_HD.zip
  artifactKey: Guid(985b423105416224f8876a5cc12a7329) Importer(815301076,1909f56bfc062723c751e8b465ee728b)
Start importing Assets/ModularRPGHeroesPBR/SRP/PBR_HD.zip using Guid(985b423105416224f8876a5cc12a7329) Importer(815301076,1909f56bfc062723c751e8b465ee728b)  -> (artifact id: 'bbfb365ae17ab14df2ee0cc187cc1e94') in 0.003242 seconds
  Import took 0.005041 seconds .

